{"/home/usuario/ull-esit-inf-dsi-21-22-prct06-generics-solid-alu0101130408/src/ejercicio-1/subclases/marvel.ts":{"path":"/home/usuario/ull-esit-inf-dsi-21-22-prct06-generics-solid-alu0101130408/src/ejercicio-1/subclases/marvel.ts","statementMap":{"0":{"start":{"line":2,"column":0},"end":{"line":2,"column":62}},"1":{"start":{"line":3,"column":0},"end":{"line":3,"column":24}},"2":{"start":{"line":4,"column":18},"end":{"line":4,"column":39}},"3":{"start":{"line":16,"column":8},"end":{"line":16,"column":74}},"4":{"start":{"line":17,"column":8},"end":{"line":17,"column":37}},"5":{"start":{"line":18,"column":8},"end":{"line":18,"column":37}},"6":{"start":{"line":25,"column":8},"end":{"line":25,"column":31}},"7":{"start":{"line":28,"column":0},"end":{"line":28,"column":24}}},"fnMap":{"0":{"name":"(anonymous_0)","decl":{"start":{"line":15,"column":4},"end":{"line":15,"column":5}},"loc":{"start":{"line":15,"column":88},"end":{"line":19,"column":5}},"line":15},"1":{"name":"(anonymous_1)","decl":{"start":{"line":24,"column":4},"end":{"line":24,"column":5}},"loc":{"start":{"line":24,"column":15},"end":{"line":26,"column":5}},"line":24}},"branchMap":{},"s":{"0":1,"1":1,"2":1,"3":1,"4":1,"5":1,"6":1,"7":1},"f":{"0":1,"1":1},"b":{},"inputSourceMap":{"version":3,"file":"/home/usuario/ull-esit-inf-dsi-21-22-prct06-generics-solid-alu0101130408/src/ejercicio-1/subclases/marvel.ts","sources":["/home/usuario/ull-esit-inf-dsi-21-22-prct06-generics-solid-alu0101130408/src/ejercicio-1/subclases/marvel.ts"],"names":[],"mappings":";;;AAAA,wCAAsD;AAEtD;;;;;;;;GAQG;AACH,MAAa,MAAO,SAAQ,iBAAO;IACjC,YAAY,MAAa,EAAE,IAAY,EAAE,MAAc,EAAE,KAAa,EAAE,QAAe,EAAE,mBAAsC,EAAmB,UAAkB;QAClK,KAAK,CAAC,MAAM,EAAE,IAAI,EAAE,MAAM,EAAE,KAAK,EAAE,QAAQ,EAAE,mBAAmB,CAAC,CAAC;QAD8E,eAAU,GAAV,UAAU,CAAQ;QAElK,IAAI,CAAC,UAAU,GAAG,UAAU,CAAC;IAC/B,CAAC;IACD;;;OAGG;IACH,QAAQ;QACN,OAAO,IAAI,CAAC,UAAU,CAAC;IACzB,CAAC;CACF;AAZD,wBAYC","sourcesContent":["import {Fighter, fighterAttributes} from \"../fighter\";\n\n/**\n * Sub Clase Marvel que hereda de la super Clase \"Fighter\" y define los atributos y el universo de un luchador de Marvel.\n * @param nombre Nombre del personaje de Marvel.\n * @param peso peso del personaje de Marvel.\n * @param altura altura del personaje de Marvel.\n * @param estadisticaLuchador Estadisticas del personaje de Marvel que son: vida, ataque, defensa y velocidad.\n * @param superPoder Parametro que define el poder que tiene un superheroe de Marvel.\n * @param universo Universo al que pertenece el luchador.\n */\nexport class Marvel extends Fighter {\n  constructor(nombre:string, peso: number, altura: number, frase: string, universo:string, estadisticaLuchador: fighterAttributes, private readonly superPoder: string) {\n    super(nombre, peso, altura, frase, universo, estadisticaLuchador);\n    this.superPoder = superPoder;\n  }\n  /**\n   * Funcion que devuelve el superpoder de un superheroe de Marvel.\n   * @returns el superpoder de un superHeroe de Marvel.\n   */\n  getPoder() {\n    return this.superPoder;\n  }\n}\n"]},"_coverageSchema":"1a1c01bbd47fc00a2c39e90264f33305004495a9","hash":"b97e186ebebe03456ae713576737cd4c0c487cbc","contentHash":"f0b3c90696c750854c23a87d1e72af636bc85fef8daa73fd34e2b68d10819c87"},"/home/usuario/ull-esit-inf-dsi-21-22-prct06-generics-solid-alu0101130408/src/ejercicio-1/fighter.ts":{"path":"/home/usuario/ull-esit-inf-dsi-21-22-prct06-generics-solid-alu0101130408/src/ejercicio-1/fighter.ts","statementMap":{"0":{"start":{"line":2,"column":0},"end":{"line":2,"column":62}},"1":{"start":{"line":3,"column":0},"end":{"line":3,"column":25}},"2":{"start":{"line":14,"column":8},"end":{"line":14,"column":29}},"3":{"start":{"line":15,"column":8},"end":{"line":15,"column":25}},"4":{"start":{"line":16,"column":8},"end":{"line":16,"column":29}},"5":{"start":{"line":17,"column":8},"end":{"line":17,"column":27}},"6":{"start":{"line":18,"column":8},"end":{"line":18,"column":33}},"7":{"start":{"line":19,"column":8},"end":{"line":19,"column":55}},"8":{"start":{"line":20,"column":8},"end":{"line":20,"column":29}},"9":{"start":{"line":21,"column":8},"end":{"line":21,"column":25}},"10":{"start":{"line":22,"column":8},"end":{"line":22,"column":29}},"11":{"start":{"line":29,"column":8},"end":{"line":29,"column":27}},"12":{"start":{"line":36,"column":8},"end":{"line":36,"column":25}},"13":{"start":{"line":43,"column":8},"end":{"line":43,"column":25}},"14":{"start":{"line":50,"column":8},"end":{"line":50,"column":26}},"15":{"start":{"line":57,"column":8},"end":{"line":57,"column":29}},"16":{"start":{"line":64,"column":8},"end":{"line":64,"column":40}},"17":{"start":{"line":71,"column":8},"end":{"line":71,"column":51}},"18":{"start":{"line":74,"column":0},"end":{"line":74,"column":26}}},"fnMap":{"0":{"name":"(anonymous_0)","decl":{"start":{"line":13,"column":4},"end":{"line":13,"column":5}},"loc":{"start":{"line":13,"column":76},"end":{"line":23,"column":5}},"line":13},"1":{"name":"(anonymous_1)","decl":{"start":{"line":28,"column":4},"end":{"line":28,"column":5}},"loc":{"start":{"line":28,"column":16},"end":{"line":30,"column":5}},"line":28},"2":{"name":"(anonymous_2)","decl":{"start":{"line":35,"column":4},"end":{"line":35,"column":5}},"loc":{"start":{"line":35,"column":14},"end":{"line":37,"column":5}},"line":35},"3":{"name":"(anonymous_3)","decl":{"start":{"line":42,"column":4},"end":{"line":42,"column":5}},"loc":{"start":{"line":42,"column":16},"end":{"line":44,"column":5}},"line":42},"4":{"name":"(anonymous_4)","decl":{"start":{"line":49,"column":4},"end":{"line":49,"column":5}},"loc":{"start":{"line":49,"column":29},"end":{"line":51,"column":5}},"line":49},"5":{"name":"(anonymous_5)","decl":{"start":{"line":56,"column":4},"end":{"line":56,"column":5}},"loc":{"start":{"line":56,"column":18},"end":{"line":58,"column":5}},"line":56},"6":{"name":"(anonymous_6)","decl":{"start":{"line":63,"column":4},"end":{"line":63,"column":5}},"loc":{"start":{"line":63,"column":19},"end":{"line":65,"column":5}},"line":63},"7":{"name":"(anonymous_7)","decl":{"start":{"line":70,"column":4},"end":{"line":70,"column":5}},"loc":{"start":{"line":70,"column":24},"end":{"line":72,"column":5}},"line":70}},"branchMap":{},"s":{"0":1,"1":1,"2":5,"3":5,"4":5,"5":5,"6":5,"7":5,"8":5,"9":5,"10":5,"11":119,"12":0,"13":0,"14":49,"15":269,"16":323,"17":44,"18":1},"f":{"0":5,"1":119,"2":0,"3":0,"4":49,"5":269,"6":323,"7":44},"b":{},"inputSourceMap":{"version":3,"file":"/home/usuario/ull-esit-inf-dsi-21-22-prct06-generics-solid-alu0101130408/src/ejercicio-1/fighter.ts","sources":["/home/usuario/ull-esit-inf-dsi-21-22-prct06-generics-solid-alu0101130408/src/ejercicio-1/fighter.ts"],"names":[],"mappings":";;;AAcA;;;;;;;GAOG;AAEH,MAAsB,OAAO;IAC3B,YAA6B,MAAc,EAAmB,IAAW,EAAmB,MAAc,EAAmB,KAAa,EAAU,QAAe,EAAU,mBAAsC;QAAtL,WAAM,GAAN,MAAM,CAAQ;QAAmB,SAAI,GAAJ,IAAI,CAAO;QAAmB,WAAM,GAAN,MAAM,CAAQ;QAAmB,UAAK,GAAL,KAAK,CAAQ;QAAU,aAAQ,GAAR,QAAQ,CAAO;QAAU,wBAAmB,GAAnB,mBAAmB,CAAmB;QACjN,IAAI,CAAC,MAAM,GAAG,MAAM,CAAC;QACrB,IAAI,CAAC,IAAI,GAAG,IAAI,CAAC;QACjB,IAAI,CAAC,MAAM,GAAG,MAAM,CAAC;IACvB,CAAC;IAED;;;OAGG;IACI,SAAS;QACd,OAAO,IAAI,CAAC,MAAM,CAAC;IACrB,CAAC;IAED;;;OAGG;IACI,OAAO;QACZ,OAAO,IAAI,CAAC,IAAI,CAAC;IACnB,CAAC;IAED;;;OAGG;IACI,SAAS;QACd,OAAO,IAAI,CAAC,IAAI,CAAC;IACnB,CAAC;IAED;;;OAGG;IACI,sBAAsB;QAC3B,OAAO,IAAI,CAAC,KAAK,CAAC;IACpB,CAAC;IACD;;;OAGG;IACI,WAAW;QAChB,OAAO,IAAI,CAAC,QAAQ,CAAC;IACvB,CAAC;IACD;;;OAGG;IACI,YAAY;QACjB,OAAO,IAAI,CAAC,mBAAmB,CAAC;IAClC,CAAC;IAED;;;OAGG;IACI,OAAO,CAAC,UAAkB;QAC/B,IAAI,CAAC,mBAAmB,CAAC,IAAI,GAAG,UAAU,CAAC;IAC7C,CAAC;CACF;AA5DD,0BA4DC","sourcesContent":["/**\n * Objeto que define los atributos de los luchadores.\n * @param vida Vida del luchador, de tipo numerico.\n * @param ataque daño que ocaciona un personaje, de tipo numerico.\n * @param defensa capacidad de aguante ante ataques de un personaje, de tipo numerico.\n * @param velocidad velocidad con la que ataca un personaje, de tipo numerico.\n */\nexport type fighterAttributes = {\n  vida: number,\n  ataque: number,\n  defensa: number,\n  velocidad: number,\n};\n\n/**\n * Super Clase abstracta que define la forma de instancia de un Luchador, además de definir a traves de un objeto sus atributos\n * @param nombre Nombre del luchador.\n * @param peso peso del luchador.\n * @param altura altura del luchador.\n * @param frase frase tipica que diría el luchador al usar un ataque.\n * @param fighterAttributes Objeto que define las estadísticas que posee el luchador: vida, ataque, defensa y velocidad.\n */\n\nexport abstract class Fighter {\n  constructor(private readonly nombre: string, private readonly peso:number, private readonly altura: number, private readonly frase: string, private universo:string, private estadisticaLuchador: fighterAttributes) {\n    this.nombre = nombre;\n    this.peso = peso;\n    this.altura = altura;\n  }\n\n  /**\n   * Metodo publico que devuelve el nombre del luchador\n   * @returns devuelve el nombre del luchador.\n   */\n  public getNombre() {\n    return this.nombre;\n  }\n\n  /**\n   * Metodo publico que devuelve el peso del luchador.\n   * @returns devuelve el peso del luchador.\n   */\n  public getPeso() {\n    return this.peso;\n  }\n\n  /**\n   * Metodo publico que devuelve la altura del luchador.\n   * @returns devuelve la altura del luchador.\n   */\n  public getAltura() {\n    return this.peso;\n  }\n\n  /**\n   * Metodo publico que devuelve la frase caracteristica del luchador\n   * @returns devuelve la frase caracteristica del luchador.\n   */\n  public getFraseCaracteristica() {\n    return this.frase;\n  }\n  /**\n   * Funcion que devuelve el universo perteneciente del luchador.\n   * @returns el universo al que pertenece el luchador\n   */\n  public getUniverso() {\n    return this.universo;\n  }\n  /**\n   * Metodo publico que devuelve los atributos (estadisticas) del luchador.\n   * @returns devuelve los atributos tanto la vida, el ataque, la defensa o la velocidad del luchador.\n   */\n  public getAtributos() {\n    return this.estadisticaLuchador;\n  }\n\n  /**\n   * Metodo publico que actualiza la vida al luchador.\n   * @param vidaActual Vida nueva a actualizar del luchador.\n   */\n  public setVida(vidaActual: number) {\n    this.estadisticaLuchador.vida = vidaActual;\n  }\n}\n"]},"_coverageSchema":"1a1c01bbd47fc00a2c39e90264f33305004495a9","hash":"d8daf3e914c9f3f98ba2e18051c3a9a80242a66b","contentHash":"178bbb9fa11cd61b8c821aa1234928d670023813c03be1e28686812f1bf268e5"},"/home/usuario/ull-esit-inf-dsi-21-22-prct06-generics-solid-alu0101130408/src/ejercicio-1/subclases/pokemon.ts":{"path":"/home/usuario/ull-esit-inf-dsi-21-22-prct06-generics-solid-alu0101130408/src/ejercicio-1/subclases/pokemon.ts","statementMap":{"0":{"start":{"line":2,"column":0},"end":{"line":2,"column":62}},"1":{"start":{"line":3,"column":0},"end":{"line":3,"column":25}},"2":{"start":{"line":4,"column":18},"end":{"line":4,"column":39}},"3":{"start":{"line":15,"column":8},"end":{"line":15,"column":74}},"4":{"start":{"line":16,"column":8},"end":{"line":16,"column":25}},"5":{"start":{"line":17,"column":8},"end":{"line":17,"column":25}},"6":{"start":{"line":24,"column":8},"end":{"line":24,"column":25}},"7":{"start":{"line":27,"column":0},"end":{"line":27,"column":26}}},"fnMap":{"0":{"name":"(anonymous_0)","decl":{"start":{"line":14,"column":4},"end":{"line":14,"column":5}},"loc":{"start":{"line":14,"column":82},"end":{"line":18,"column":5}},"line":14},"1":{"name":"(anonymous_1)","decl":{"start":{"line":23,"column":4},"end":{"line":23,"column":5}},"loc":{"start":{"line":23,"column":14},"end":{"line":25,"column":5}},"line":23}},"branchMap":{},"s":{"0":1,"1":1,"2":1,"3":1,"4":1,"5":1,"6":1,"7":1},"f":{"0":1,"1":1},"b":{},"inputSourceMap":{"version":3,"file":"/home/usuario/ull-esit-inf-dsi-21-22-prct06-generics-solid-alu0101130408/src/ejercicio-1/subclases/pokemon.ts","sources":["/home/usuario/ull-esit-inf-dsi-21-22-prct06-generics-solid-alu0101130408/src/ejercicio-1/subclases/pokemon.ts"],"names":[],"mappings":";;;AAAA,wCAAsD;AACtD;;;;;;;GAOG;AACH,MAAa,OAAQ,SAAQ,iBAAO;IAClC,YAAY,MAAa,EAAE,IAAY,EAAE,MAAc,EAAE,KAAa,EAAE,QAAgB,EAAE,mBAAsC,EAAmB,IAAY;QAC7J,KAAK,CAAC,MAAM,EAAE,IAAI,EAAE,MAAM,EAAE,KAAK,EAAE,QAAQ,EAAE,mBAAmB,CAAC,CAAC;QAD+E,SAAI,GAAJ,IAAI,CAAQ;QAE7J,IAAI,CAAC,IAAI,GAAG,IAAI,CAAC;IACnB,CAAC;IAED;;;OAGG;IACH,OAAO;QACL,OAAO,IAAI,CAAC,IAAI,CAAC;IACnB,CAAC;CACF;AAbD,0BAaC","sourcesContent":["import {Fighter, fighterAttributes} from \"../fighter\";\n/**\n * Sub Clase Pokemon que hereda de la super Clase \"Fighter\" y define los atributos y el universo de un luchador de Pokemon.\n * @param nombre Nombre del pokemon.\n * @param peso peso del pokemon.\n * @param altura altura del pokemon.\n * @param estadisticaLuchador Estadisticas del pokemon que son: vida, ataque, defensa y velocidad.\n * @param universo Universo al que pertenece el luchador, inicializado a pokemon.\n */\nexport class Pokemon extends Fighter {\n  constructor(nombre:string, peso: number, altura: number, frase: string, universo: string, estadisticaLuchador: fighterAttributes, private readonly tipo: string) {\n    super(nombre, peso, altura, frase, universo, estadisticaLuchador);\n    this.tipo = tipo;\n  }\n\n  /**\n   * Funcion publica que devuelve el tipo de pokemon.\n   * @returns devuelve el tipo del pokemon\n   */\n  getTipo() {\n    return this.tipo;\n  }\n}\n"]},"_coverageSchema":"1a1c01bbd47fc00a2c39e90264f33305004495a9","hash":"0daf069efea50bac8a8575ebba516a678ade953d","contentHash":"43b4cf47565f0241788b2d3fad51a2e5fdfcff6d2215eb4360420b74e024b978"},"/home/usuario/ull-esit-inf-dsi-21-22-prct06-generics-solid-alu0101130408/src/ejercicio-1/subclases/dc.ts":{"path":"/home/usuario/ull-esit-inf-dsi-21-22-prct06-generics-solid-alu0101130408/src/ejercicio-1/subclases/dc.ts","statementMap":{"0":{"start":{"line":2,"column":0},"end":{"line":2,"column":62}},"1":{"start":{"line":3,"column":0},"end":{"line":3,"column":20}},"2":{"start":{"line":4,"column":18},"end":{"line":4,"column":39}},"3":{"start":{"line":16,"column":8},"end":{"line":16,"column":74}},"4":{"start":{"line":17,"column":8},"end":{"line":17,"column":37}},"5":{"start":{"line":18,"column":8},"end":{"line":18,"column":37}},"6":{"start":{"line":25,"column":8},"end":{"line":25,"column":31}},"7":{"start":{"line":28,"column":0},"end":{"line":28,"column":16}}},"fnMap":{"0":{"name":"(anonymous_0)","decl":{"start":{"line":15,"column":4},"end":{"line":15,"column":5}},"loc":{"start":{"line":15,"column":88},"end":{"line":19,"column":5}},"line":15},"1":{"name":"(anonymous_1)","decl":{"start":{"line":24,"column":4},"end":{"line":24,"column":5}},"loc":{"start":{"line":24,"column":15},"end":{"line":26,"column":5}},"line":24}},"branchMap":{},"s":{"0":1,"1":1,"2":1,"3":1,"4":1,"5":1,"6":1,"7":1},"f":{"0":1,"1":1},"b":{},"inputSourceMap":{"version":3,"file":"/home/usuario/ull-esit-inf-dsi-21-22-prct06-generics-solid-alu0101130408/src/ejercicio-1/subclases/dc.ts","sources":["/home/usuario/ull-esit-inf-dsi-21-22-prct06-generics-solid-alu0101130408/src/ejercicio-1/subclases/dc.ts"],"names":[],"mappings":";;;AAAA,wCAAsD;AAEtD;;;;;;;;GAQG;AACH,MAAa,EAAG,SAAQ,iBAAO;IAC7B,YAAY,MAAa,EAAE,IAAY,EAAE,MAAc,EAAE,KAAa,EAAE,QAAe,EAAE,mBAAsC,EAAmB,UAAkB;QAClK,KAAK,CAAC,MAAM,EAAE,IAAI,EAAE,MAAM,EAAE,KAAK,EAAE,QAAQ,EAAE,mBAAmB,CAAC,CAAC;QAD8E,eAAU,GAAV,UAAU,CAAQ;QAElK,IAAI,CAAC,UAAU,GAAG,UAAU,CAAC;IAC/B,CAAC;IACD;;;OAGG;IACH,QAAQ;QACN,OAAO,IAAI,CAAC,UAAU,CAAC;IACzB,CAAC;CACF;AAZD,gBAYC","sourcesContent":["import {Fighter, fighterAttributes} from \"../fighter\";\n\n/**\n * Sub Clase DC que hereda de la super Clase \"Fighter\" y define los atributos y el universo de un luchador de DC Comics.\n * @param nombre Nombre del personaje de DC comincs.\n * @param peso peso del personaje de DC comincs.\n * @param altura altura del personaje de DC comincs.\n * @param estadisticaLuchador Estadisticas del personaje de DC comincs que son: vida, ataque, defensa y velocidad.\n * @param superpoder Superpoder que posee un heroe de DC comics\n * @param universo Universo al que pertenece el luchador.\n */\nexport class DC extends Fighter {\n  constructor(nombre:string, peso: number, altura: number, frase: string, universo:string, estadisticaLuchador: fighterAttributes, private readonly superPoder: string) {\n    super(nombre, peso, altura, frase, universo, estadisticaLuchador);\n    this.superPoder = superPoder;\n  }\n  /**\n   * Funcion que devuelve el superpoder de un superheroe de DC Comics.\n   * @returns el superpoder de un superHeroe de DC comics.\n   */\n  getPoder() {\n    return this.superPoder;\n  }\n}\n"]},"_coverageSchema":"1a1c01bbd47fc00a2c39e90264f33305004495a9","hash":"2e0904ddcacfbb60e86813246c6dc5202cbf2951","contentHash":"07bbdb5c23a8443cf4c6b17822d95ec8856d4637980eb0c53fc6b92ad5e371d5"},"/home/usuario/ull-esit-inf-dsi-21-22-prct06-generics-solid-alu0101130408/src/ejercicio-1/subclases/starwars.ts":{"path":"/home/usuario/ull-esit-inf-dsi-21-22-prct06-generics-solid-alu0101130408/src/ejercicio-1/subclases/starwars.ts","statementMap":{"0":{"start":{"line":2,"column":0},"end":{"line":2,"column":62}},"1":{"start":{"line":3,"column":0},"end":{"line":3,"column":26}},"2":{"start":{"line":4,"column":18},"end":{"line":4,"column":39}},"3":{"start":{"line":16,"column":8},"end":{"line":16,"column":74}},"4":{"start":{"line":17,"column":8},"end":{"line":17,"column":29}},"5":{"start":{"line":18,"column":8},"end":{"line":18,"column":27}},"6":{"start":{"line":19,"column":8},"end":{"line":19,"column":29}},"7":{"start":{"line":20,"column":8},"end":{"line":20,"column":27}},"8":{"start":{"line":27,"column":8},"end":{"line":27,"column":27}},"9":{"start":{"line":34,"column":8},"end":{"line":34,"column":26}},"10":{"start":{"line":37,"column":0},"end":{"line":37,"column":28}}},"fnMap":{"0":{"name":"(anonymous_0)","decl":{"start":{"line":15,"column":4},"end":{"line":15,"column":5}},"loc":{"start":{"line":15,"column":91},"end":{"line":21,"column":5}},"line":15},"1":{"name":"(anonymous_1)","decl":{"start":{"line":26,"column":4},"end":{"line":26,"column":5}},"loc":{"start":{"line":26,"column":16},"end":{"line":28,"column":5}},"line":26},"2":{"name":"(anonymous_2)","decl":{"start":{"line":33,"column":4},"end":{"line":33,"column":5}},"loc":{"start":{"line":33,"column":15},"end":{"line":35,"column":5}},"line":33}},"branchMap":{},"s":{"0":1,"1":1,"2":1,"3":1,"4":1,"5":1,"6":1,"7":1,"8":1,"9":1,"10":1},"f":{"0":1,"1":1,"2":1},"b":{},"inputSourceMap":{"version":3,"file":"/home/usuario/ull-esit-inf-dsi-21-22-prct06-generics-solid-alu0101130408/src/ejercicio-1/subclases/starwars.ts","sources":["/home/usuario/ull-esit-inf-dsi-21-22-prct06-generics-solid-alu0101130408/src/ejercicio-1/subclases/starwars.ts"],"names":[],"mappings":";;;AAAA,wCAAsD;AAEtD;;;;;;;;GAQG;AACH,MAAa,QAAS,SAAQ,iBAAO;IACnC,YAAY,MAAa,EAAE,IAAY,EAAE,MAAc,EAAE,KAAa,EAAE,QAAe,EAAE,mBAAsC,EAAmB,MAAc,EAAmB,KAAa;QAC9L,KAAK,CAAC,MAAM,EAAE,IAAI,EAAE,MAAM,EAAE,KAAK,EAAE,QAAQ,EAAE,mBAAmB,CAAC,CAAC;QAD8E,WAAM,GAAN,MAAM,CAAQ;QAAmB,UAAK,GAAL,KAAK,CAAQ;QAE9L,IAAI,CAAC,MAAM,GAAG,MAAM,CAAC;QACrB,IAAI,CAAC,KAAK,GAAG,KAAK,CAAC;IACrB,CAAC;IACD;;;OAGG;IACH,SAAS;QACP,OAAO,IAAI,CAAC,MAAM,CAAC;IACrB,CAAC;IACD;;;OAGG;IACH,QAAQ;QACN,OAAO,IAAI,CAAC,KAAK,CAAC;IACpB,CAAC;CACF;AApBD,4BAoBC","sourcesContent":["import {Fighter, fighterAttributes} from \"../fighter\";\n\n/**\n * Sub Clase Stars Wars que hereda de la super Clase \"Fighter\" y define los atributos y el universo de un luchador de Star Wars\n * @param nombre Nombre del personaje de Star Wars.\n * @param peso peso del personaje de Star wars.\n * @param altura altura del personaje de Star Wars.\n * @param estadisticaLuchador Estadisticas del personaje de Star Wars que son: vida, ataque, defensa y velocidad.\n * @param superpoder Superpoder que posee un heroe de Star Wars\n * @param universo Universo al que pertenece el luchador.\n */\nexport class StarWars extends Fighter {\n  constructor(nombre:string, peso: number, altura: number, frase: string, universo:string, estadisticaLuchador: fighterAttributes, private readonly fuerza: string, private readonly sable: string) {\n    super(nombre, peso, altura, frase, universo, estadisticaLuchador);\n    this.fuerza = fuerza;\n    this.sable = sable;\n  }\n  /**\n   * Funcion que devuelve el lado de la fuerza al que pertenece el personaje\n   * @returns el lado de la fuerza al que pertenece el personaje (lado oscuro o luminoso)\n   */\n  getFuerza() {\n    return this.fuerza;\n  }\n  /**\n   * Funcion que devuelve el tipo de sable que posee el personaje.\n   * @returns el tipo de sable que posee el personaje (verde, azul u rojo).\n   */\n  getSable() {\n    return this.sable;\n  }\n}\n"]},"_coverageSchema":"1a1c01bbd47fc00a2c39e90264f33305004495a9","hash":"840d2aca324b86a9ba44e6e7bbd2c0d8c33b43c4","contentHash":"2f27e7d2858fedc88fb5d4a152f1c98d0ad79846d0fe9e0abcba6ffd39ec410a"},"/home/usuario/ull-esit-inf-dsi-21-22-prct06-generics-solid-alu0101130408/src/ejercicio-1/subclases/patrullacanina.ts":{"path":"/home/usuario/ull-esit-inf-dsi-21-22-prct06-generics-solid-alu0101130408/src/ejercicio-1/subclases/patrullacanina.ts","statementMap":{"0":{"start":{"line":2,"column":0},"end":{"line":2,"column":62}},"1":{"start":{"line":3,"column":0},"end":{"line":3,"column":32}},"2":{"start":{"line":4,"column":18},"end":{"line":4,"column":39}},"3":{"start":{"line":16,"column":8},"end":{"line":16,"column":74}},"4":{"start":{"line":17,"column":8},"end":{"line":17,"column":25}},"5":{"start":{"line":18,"column":8},"end":{"line":18,"column":25}},"6":{"start":{"line":25,"column":8},"end":{"line":25,"column":25}},"7":{"start":{"line":28,"column":0},"end":{"line":28,"column":40}}},"fnMap":{"0":{"name":"(anonymous_0)","decl":{"start":{"line":15,"column":4},"end":{"line":15,"column":5}},"loc":{"start":{"line":15,"column":82},"end":{"line":19,"column":5}},"line":15},"1":{"name":"(anonymous_1)","decl":{"start":{"line":24,"column":4},"end":{"line":24,"column":5}},"loc":{"start":{"line":24,"column":14},"end":{"line":26,"column":5}},"line":24}},"branchMap":{},"s":{"0":1,"1":1,"2":1,"3":1,"4":1,"5":1,"6":1,"7":1},"f":{"0":1,"1":1},"b":{},"inputSourceMap":{"version":3,"file":"/home/usuario/ull-esit-inf-dsi-21-22-prct06-generics-solid-alu0101130408/src/ejercicio-1/subclases/patrullacanina.ts","sources":["/home/usuario/ull-esit-inf-dsi-21-22-prct06-generics-solid-alu0101130408/src/ejercicio-1/subclases/patrullacanina.ts"],"names":[],"mappings":";;;AAAA,wCAAsD;AAEtD;;;;;;;;GAQG;AACH,MAAa,cAAe,SAAQ,iBAAO;IACzC,YAAY,MAAa,EAAE,IAAY,EAAE,MAAc,EAAE,KAAa,EAAE,QAAe,EAAE,mBAAsC,EAAmB,IAAY;QAC5J,KAAK,CAAC,MAAM,EAAE,IAAI,EAAE,MAAM,EAAE,KAAK,EAAE,QAAQ,EAAE,mBAAmB,CAAC,CAAC;QAD8E,SAAI,GAAJ,IAAI,CAAQ;QAE5J,IAAI,CAAC,IAAI,GAAG,IAAI,CAAC;IACnB,CAAC;IACD;;;OAGG;IACH,OAAO;QACL,OAAO,IAAI,CAAC,IAAI,CAAC;IACnB,CAAC;CACF;AAZD,wCAYC","sourcesContent":["import {Fighter, fighterAttributes} from \"../fighter\";\n\n/**\n * Sub Clase Patrulla Canina que hereda de la super Clase \"Fighter\" y define los atributos y el universo de un luchador de la Patrulla Canina\n * @param nombre Nombre del personaje de Patrulla Canina\n * @param peso peso del personaje de Patrulla Canina\n * @param altura altura del personaje de Patrulla Canina\n * @param estadisticaLuchador Estadisticas del personaje de Patrulla Canina que son: vida, ataque, defensa y velocidad.\n * @param superpoder Superpoder que posee un heroe de Patrulla Canina\n * @param universo Universo al que pertenece el luchador.\n */\nexport class PatrullaCanina extends Fighter {\n  constructor(nombre:string, peso: number, altura: number, frase: string, universo:string, estadisticaLuchador: fighterAttributes, private readonly raza: string) {\n    super(nombre, peso, altura, frase, universo, estadisticaLuchador);\n    this.raza = raza;\n  }\n  /**\n   * Funcion que devuelve ela raza de un integrante de la patrulla canina.\n   * @returns la raza de un integrante de la patrulla canina.\n   */\n  getRaza() {\n    return this.raza;\n  }\n}\n"]},"_coverageSchema":"1a1c01bbd47fc00a2c39e90264f33305004495a9","hash":"a1024c15285b6a6ff257a1f0348fb12045ca0eef","contentHash":"4b5ecb6aab93d0c494c5f5651beb178435fa2406cf950c0882caca49081eae38"},"/home/usuario/ull-esit-inf-dsi-21-22-prct06-generics-solid-alu0101130408/src/ejercicio-1/registro.ts":{"path":"/home/usuario/ull-esit-inf-dsi-21-22-prct06-generics-solid-alu0101130408/src/ejercicio-1/registro.ts","statementMap":{"0":{"start":{"line":2,"column":0},"end":{"line":2,"column":62}},"1":{"start":{"line":3,"column":0},"end":{"line":3,"column":36}},"2":{"start":{"line":10,"column":8},"end":{"line":10,"column":43}},"3":{"start":{"line":11,"column":8},"end":{"line":11,"column":43}},"4":{"start":{"line":18,"column":8},"end":{"line":18,"column":34}},"5":{"start":{"line":25,"column":8},"end":{"line":25,"column":42}},"6":{"start":{"line":32,"column":21},"end":{"line":32,"column":23}},"7":{"start":{"line":33,"column":8},"end":{"line":36,"column":9}},"8":{"start":{"line":33,"column":21},"end":{"line":33,"column":22}},"9":{"start":{"line":34,"column":12},"end":{"line":34,"column":72}},"10":{"start":{"line":35,"column":12},"end":{"line":35,"column":71}},"11":{"start":{"line":37,"column":8},"end":{"line":37,"column":56}},"12":{"start":{"line":38,"column":8},"end":{"line":38,"column":22}},"13":{"start":{"line":41,"column":0},"end":{"line":41,"column":48}}},"fnMap":{"0":{"name":"(anonymous_0)","decl":{"start":{"line":9,"column":4},"end":{"line":9,"column":5}},"loc":{"start":{"line":9,"column":31},"end":{"line":12,"column":5}},"line":9},"1":{"name":"(anonymous_1)","decl":{"start":{"line":17,"column":4},"end":{"line":17,"column":5}},"loc":{"start":{"line":17,"column":18},"end":{"line":19,"column":5}},"line":17},"2":{"name":"(anonymous_2)","decl":{"start":{"line":24,"column":4},"end":{"line":24,"column":5}},"loc":{"start":{"line":24,"column":26},"end":{"line":26,"column":5}},"line":24},"3":{"name":"(anonymous_3)","decl":{"start":{"line":31,"column":4},"end":{"line":31,"column":5}},"loc":{"start":{"line":31,"column":15},"end":{"line":39,"column":5}},"line":31}},"branchMap":{},"s":{"0":1,"1":1,"2":1,"3":1,"4":0,"5":0,"6":1,"7":1,"8":1,"9":5,"10":5,"11":1,"12":1,"13":1},"f":{"0":1,"1":0,"2":0,"3":1},"b":{},"inputSourceMap":{"version":3,"file":"/home/usuario/ull-esit-inf-dsi-21-22-prct06-generics-solid-alu0101130408/src/ejercicio-1/registro.ts","sources":["/home/usuario/ull-esit-inf-dsi-21-22-prct06-generics-solid-alu0101130408/src/ejercicio-1/registro.ts"],"names":[],"mappings":";;;AACA;;;GAGG;AAEH,MAAa,kBAAkB;IAC7B,YAAoB,aAAwB;QAAxB,kBAAa,GAAb,aAAa,CAAW;QAC1C,IAAI,CAAC,aAAa,GAAG,aAAa,CAAC;IACrC,CAAC;IACD;;;OAGG;IACI,WAAW;QAChB,OAAO,IAAI,CAAC,aAAa,CAAC;IAC5B,CAAC;IAED;;;OAGG;IACI,WAAW,CAAC,QAAiB;QAClC,IAAI,CAAC,aAAa,CAAC,IAAI,CAAC,QAAQ,CAAC,CAAC;IACpC,CAAC;IACD;;;OAGG;IACI,QAAQ;QACb,IAAI,MAAM,GAAW,EAAE,CAAC;QACxB,KAAK,IAAI,CAAC,GAAW,CAAC,EAAE,CAAC,GAAG,IAAI,CAAC,aAAa,CAAC,MAAM,EAAE,CAAC,EAAE,EAAE;YAC1D,OAAO,CAAC,GAAG,CAAC,WAAW,IAAI,CAAC,aAAa,CAAC,CAAC,CAAC,CAAC,SAAS,EAAE,EAAE,CAAC,CAAC;YAC5D,MAAM,GAAG,MAAM,GAAG,IAAI,CAAC,aAAa,CAAC,CAAC,CAAC,CAAC,SAAS,EAAE,GAAG,IAAI,CAAC;SAC5D;QACD,MAAM,GAAG,MAAM,CAAC,SAAS,CAAC,CAAC,EAAE,MAAM,CAAC,MAAM,GAAG,CAAC,CAAC,CAAC;QAChD,OAAO,MAAM,CAAC;IAChB,CAAC;CACF;AAhCD,gDAgCC","sourcesContent":["import {Fighter} from \"./fighter\";\n/**\n * Clase encargada de almacenar y mostrar por pantalla diferentes luchadores.\n * @param BDDLuchadores un vector que almacena la base de datos de los luchadores.\n */\n\nexport class RegistroLuchadores {\n  constructor(private BDDLuchadores: Fighter[]) {\n    this.BDDLuchadores = BDDLuchadores;\n  }\n  /**\n   * Metodo que devuelve el atributo privado de los luchadores.\n   * @returns devuelve el atributo privado de los luchadores.\n   */\n  public getRegistro() {\n    return this.BDDLuchadores;\n  }\n\n  /**\n   * Funcion que establece un nuevo luchador\n   * @param Luchador  Funcion que añade un nuevo luchador a la base\n   */\n  public setLuchador(Luchador: Fighter) {\n    this.BDDLuchadores.push(Luchador);\n  }\n  /**\n   * Funcion que muestra por pantalla la base de datos\n   * @returns Devuelve el nombre de los luchadores que componen la base de datos.\n   */\n  public printBDD() {\n    let cadena: string = '';\n    for (let i: number = 0; i < this.BDDLuchadores.length; i++) {\n      console.log(`Nombre: ${this.BDDLuchadores[i].getNombre()}`);\n      cadena = cadena + this.BDDLuchadores[i].getNombre() + ', ';\n    }\n    cadena = cadena.substring(0, cadena.length - 2);\n    return cadena;\n  }\n}\n"]},"_coverageSchema":"1a1c01bbd47fc00a2c39e90264f33305004495a9","hash":"c3b46ba401d960b22972ab4673047a9646e197ac","contentHash":"f51d3265cb17ff23739171be9eeb4906f5288f4b6538968c4a1933af64e3c5f9"},"/home/usuario/ull-esit-inf-dsi-21-22-prct06-generics-solid-alu0101130408/src/ejercicio-1/combat.ts":{"path":"/home/usuario/ull-esit-inf-dsi-21-22-prct06-generics-solid-alu0101130408/src/ejercicio-1/combat.ts","statementMap":{"0":{"start":{"line":2,"column":0},"end":{"line":2,"column":62}},"1":{"start":{"line":3,"column":0},"end":{"line":3,"column":24}},"2":{"start":{"line":9,"column":8},"end":{"line":9,"column":33}},"3":{"start":{"line":10,"column":8},"end":{"line":10,"column":45}},"4":{"start":{"line":11,"column":8},"end":{"line":11,"column":33}},"5":{"start":{"line":12,"column":8},"end":{"line":12,"column":45}},"6":{"start":{"line":20,"column":19},"end":{"line":20,"column":20}},"7":{"start":{"line":21,"column":26},"end":{"line":21,"column":85}},"8":{"start":{"line":22,"column":8},"end":{"line":35,"column":9}},"9":{"start":{"line":23,"column":12},"end":{"line":23,"column":123}},"10":{"start":{"line":24,"column":12},"end":{"line":24,"column":36}},"11":{"start":{"line":27,"column":12},"end":{"line":29,"column":13}},"12":{"start":{"line":28,"column":16},"end":{"line":28,"column":32}},"13":{"start":{"line":30,"column":12},"end":{"line":32,"column":13}},"14":{"start":{"line":31,"column":16},"end":{"line":31,"column":34}},"15":{"start":{"line":33,"column":12},"end":{"line":33,"column":123}},"16":{"start":{"line":34,"column":12},"end":{"line":34,"column":36}},"17":{"start":{"line":41,"column":23},"end":{"line":41,"column":24}},"18":{"start":{"line":42,"column":8},"end":{"line":49,"column":9}},"19":{"start":{"line":43,"column":12},"end":{"line":43,"column":25}},"20":{"start":{"line":46,"column":12},"end":{"line":48,"column":13}},"21":{"start":{"line":47,"column":16},"end":{"line":47,"column":29}},"22":{"start":{"line":50,"column":8},"end":{"line":50,"column":24}},"23":{"start":{"line":57,"column":23},"end":{"line":57,"column":38}},"24":{"start":{"line":58,"column":21},"end":{"line":58,"column":23}},"25":{"start":{"line":59,"column":8},"end":{"line":59,"column":90}},"26":{"start":{"line":60,"column":8},"end":{"line":60,"column":95}},"27":{"start":{"line":61,"column":8},"end":{"line":61,"column":124}},"28":{"start":{"line":62,"column":8},"end":{"line":62,"column":130}},"29":{"start":{"line":63,"column":8},"end":{"line":63,"column":133}},"30":{"start":{"line":64,"column":8},"end":{"line":64,"column":139}},"31":{"start":{"line":65,"column":8},"end":{"line":65,"column":90}},"32":{"start":{"line":66,"column":8},"end":{"line":81,"column":9}},"33":{"start":{"line":67,"column":12},"end":{"line":80,"column":13}},"34":{"start":{"line":68,"column":16},"end":{"line":68,"column":82}},"35":{"start":{"line":69,"column":16},"end":{"line":69,"column":74}},"36":{"start":{"line":70,"column":16},"end":{"line":70,"column":124}},"37":{"start":{"line":71,"column":16},"end":{"line":71,"column":138}},"38":{"start":{"line":72,"column":16},"end":{"line":72,"column":29}},"39":{"start":{"line":75,"column":16},"end":{"line":75,"column":88}},"40":{"start":{"line":76,"column":16},"end":{"line":76,"column":80}},"41":{"start":{"line":77,"column":16},"end":{"line":77,"column":112}},"42":{"start":{"line":78,"column":16},"end":{"line":78,"column":126}},"43":{"start":{"line":79,"column":16},"end":{"line":79,"column":29}},"44":{"start":{"line":82,"column":8},"end":{"line":82,"column":34}},"45":{"start":{"line":83,"column":8},"end":{"line":83,"column":22}},"46":{"start":{"line":90,"column":8},"end":{"line":97,"column":9}},"47":{"start":{"line":91,"column":12},"end":{"line":91,"column":100}},"48":{"start":{"line":92,"column":12},"end":{"line":92,"column":51}},"49":{"start":{"line":95,"column":12},"end":{"line":95,"column":93}},"50":{"start":{"line":96,"column":12},"end":{"line":96,"column":45}},"51":{"start":{"line":106,"column":26},"end":{"line":106,"column":27}},"52":{"start":{"line":107,"column":8},"end":{"line":196,"column":9}},"53":{"start":{"line":109,"column":16},"end":{"line":111,"column":17}},"54":{"start":{"line":110,"column":20},"end":{"line":110,"column":38}},"55":{"start":{"line":112,"column":16},"end":{"line":114,"column":17}},"56":{"start":{"line":113,"column":20},"end":{"line":113,"column":36}},"57":{"start":{"line":115,"column":16},"end":{"line":117,"column":17}},"58":{"start":{"line":116,"column":20},"end":{"line":116,"column":38}},"59":{"start":{"line":118,"column":16},"end":{"line":120,"column":17}},"60":{"start":{"line":119,"column":20},"end":{"line":119,"column":36}},"61":{"start":{"line":121,"column":16},"end":{"line":123,"column":17}},"62":{"start":{"line":122,"column":20},"end":{"line":122,"column":36}},"63":{"start":{"line":124,"column":16},"end":{"line":124,"column":22}},"64":{"start":{"line":126,"column":16},"end":{"line":128,"column":17}},"65":{"start":{"line":127,"column":20},"end":{"line":127,"column":38}},"66":{"start":{"line":129,"column":16},"end":{"line":131,"column":17}},"67":{"start":{"line":130,"column":20},"end":{"line":130,"column":36}},"68":{"start":{"line":132,"column":16},"end":{"line":134,"column":17}},"69":{"start":{"line":133,"column":20},"end":{"line":133,"column":36}},"70":{"start":{"line":135,"column":16},"end":{"line":137,"column":17}},"71":{"start":{"line":136,"column":20},"end":{"line":136,"column":38}},"72":{"start":{"line":138,"column":16},"end":{"line":140,"column":17}},"73":{"start":{"line":139,"column":20},"end":{"line":139,"column":38}},"74":{"start":{"line":141,"column":16},"end":{"line":141,"column":22}},"75":{"start":{"line":143,"column":16},"end":{"line":145,"column":17}},"76":{"start":{"line":144,"column":20},"end":{"line":144,"column":38}},"77":{"start":{"line":146,"column":16},"end":{"line":148,"column":17}},"78":{"start":{"line":147,"column":20},"end":{"line":147,"column":36}},"79":{"start":{"line":149,"column":16},"end":{"line":151,"column":17}},"80":{"start":{"line":150,"column":20},"end":{"line":150,"column":38}},"81":{"start":{"line":152,"column":16},"end":{"line":154,"column":17}},"82":{"start":{"line":153,"column":20},"end":{"line":153,"column":36}},"83":{"start":{"line":155,"column":16},"end":{"line":157,"column":17}},"84":{"start":{"line":156,"column":20},"end":{"line":156,"column":38}},"85":{"start":{"line":158,"column":16},"end":{"line":158,"column":22}},"86":{"start":{"line":160,"column":16},"end":{"line":162,"column":17}},"87":{"start":{"line":161,"column":20},"end":{"line":161,"column":38}},"88":{"start":{"line":163,"column":16},"end":{"line":165,"column":17}},"89":{"start":{"line":164,"column":20},"end":{"line":164,"column":38}},"90":{"start":{"line":166,"column":16},"end":{"line":168,"column":17}},"91":{"start":{"line":167,"column":20},"end":{"line":167,"column":36}},"92":{"start":{"line":169,"column":16},"end":{"line":171,"column":17}},"93":{"start":{"line":170,"column":20},"end":{"line":170,"column":36}},"94":{"start":{"line":172,"column":16},"end":{"line":174,"column":17}},"95":{"start":{"line":173,"column":20},"end":{"line":173,"column":36}},"96":{"start":{"line":175,"column":16},"end":{"line":175,"column":22}},"97":{"start":{"line":177,"column":16},"end":{"line":179,"column":17}},"98":{"start":{"line":178,"column":20},"end":{"line":178,"column":38}},"99":{"start":{"line":180,"column":16},"end":{"line":182,"column":17}},"100":{"start":{"line":181,"column":20},"end":{"line":181,"column":38}},"101":{"start":{"line":183,"column":16},"end":{"line":185,"column":17}},"102":{"start":{"line":184,"column":20},"end":{"line":184,"column":36}},"103":{"start":{"line":186,"column":16},"end":{"line":188,"column":17}},"104":{"start":{"line":187,"column":20},"end":{"line":187,"column":38}},"105":{"start":{"line":189,"column":16},"end":{"line":191,"column":17}},"106":{"start":{"line":190,"column":20},"end":{"line":190,"column":36}},"107":{"start":{"line":192,"column":16},"end":{"line":192,"column":22}},"108":{"start":{"line":194,"column":16},"end":{"line":194,"column":33}},"109":{"start":{"line":195,"column":16},"end":{"line":195,"column":22}},"110":{"start":{"line":197,"column":8},"end":{"line":197,"column":27}},"111":{"start":{"line":200,"column":0},"end":{"line":200,"column":24}}},"fnMap":{"0":{"name":"(anonymous_0)","decl":{"start":{"line":8,"column":4},"end":{"line":8,"column":5}},"loc":{"start":{"line":8,"column":42},"end":{"line":13,"column":5}},"line":8},"1":{"name":"(anonymous_1)","decl":{"start":{"line":19,"column":4},"end":{"line":19,"column":5}},"loc":{"start":{"line":19,"column":36},"end":{"line":36,"column":5}},"line":19},"2":{"name":"(anonymous_2)","decl":{"start":{"line":40,"column":4},"end":{"line":40,"column":5}},"loc":{"start":{"line":40,"column":15},"end":{"line":51,"column":5}},"line":40},"3":{"name":"(anonymous_3)","decl":{"start":{"line":56,"column":4},"end":{"line":56,"column":5}},"loc":{"start":{"line":56,"column":24},"end":{"line":84,"column":5}},"line":56},"4":{"name":"(anonymous_4)","decl":{"start":{"line":89,"column":4},"end":{"line":89,"column":5}},"loc":{"start":{"line":89,"column":16},"end":{"line":98,"column":5}},"line":89},"5":{"name":"(anonymous_5)","decl":{"start":{"line":105,"column":4},"end":{"line":105,"column":5}},"loc":{"start":{"line":105,"column":49},"end":{"line":198,"column":5}},"line":105}},"branchMap":{"0":{"loc":{"start":{"line":22,"column":8},"end":{"line":35,"column":9}},"type":"if","locations":[{"start":{"line":22,"column":8},"end":{"line":35,"column":9}},{"start":{"line":22,"column":8},"end":{"line":35,"column":9}}],"line":22},"1":{"loc":{"start":{"line":27,"column":12},"end":{"line":29,"column":13}},"type":"if","locations":[{"start":{"line":27,"column":12},"end":{"line":29,"column":13}},{"start":{"line":27,"column":12},"end":{"line":29,"column":13}}],"line":27},"2":{"loc":{"start":{"line":30,"column":12},"end":{"line":32,"column":13}},"type":"if","locations":[{"start":{"line":30,"column":12},"end":{"line":32,"column":13}},{"start":{"line":30,"column":12},"end":{"line":32,"column":13}}],"line":30},"3":{"loc":{"start":{"line":42,"column":8},"end":{"line":49,"column":9}},"type":"if","locations":[{"start":{"line":42,"column":8},"end":{"line":49,"column":9}},{"start":{"line":42,"column":8},"end":{"line":49,"column":9}}],"line":42},"4":{"loc":{"start":{"line":46,"column":12},"end":{"line":48,"column":13}},"type":"if","locations":[{"start":{"line":46,"column":12},"end":{"line":48,"column":13}},{"start":{"line":46,"column":12},"end":{"line":48,"column":13}}],"line":46},"5":{"loc":{"start":{"line":66,"column":15},"end":{"line":66,"column":103}},"type":"binary-expr","locations":[{"start":{"line":66,"column":16},"end":{"line":66,"column":53}},{"start":{"line":66,"column":59},"end":{"line":66,"column":102}}],"line":66},"6":{"loc":{"start":{"line":67,"column":12},"end":{"line":80,"column":13}},"type":"if","locations":[{"start":{"line":67,"column":12},"end":{"line":80,"column":13}},{"start":{"line":67,"column":12},"end":{"line":80,"column":13}}],"line":67},"7":{"loc":{"start":{"line":90,"column":8},"end":{"line":97,"column":9}},"type":"if","locations":[{"start":{"line":90,"column":8},"end":{"line":97,"column":9}},{"start":{"line":90,"column":8},"end":{"line":97,"column":9}}],"line":90},"8":{"loc":{"start":{"line":107,"column":8},"end":{"line":196,"column":9}},"type":"switch","locations":[{"start":{"line":108,"column":12},"end":{"line":124,"column":22}},{"start":{"line":125,"column":12},"end":{"line":141,"column":22}},{"start":{"line":142,"column":12},"end":{"line":158,"column":22}},{"start":{"line":159,"column":12},"end":{"line":175,"column":22}},{"start":{"line":176,"column":12},"end":{"line":192,"column":22}},{"start":{"line":193,"column":12},"end":{"line":195,"column":22}}],"line":107},"9":{"loc":{"start":{"line":109,"column":16},"end":{"line":111,"column":17}},"type":"if","locations":[{"start":{"line":109,"column":16},"end":{"line":111,"column":17}},{"start":{"line":109,"column":16},"end":{"line":111,"column":17}}],"line":109},"10":{"loc":{"start":{"line":112,"column":16},"end":{"line":114,"column":17}},"type":"if","locations":[{"start":{"line":112,"column":16},"end":{"line":114,"column":17}},{"start":{"line":112,"column":16},"end":{"line":114,"column":17}}],"line":112},"11":{"loc":{"start":{"line":115,"column":16},"end":{"line":117,"column":17}},"type":"if","locations":[{"start":{"line":115,"column":16},"end":{"line":117,"column":17}},{"start":{"line":115,"column":16},"end":{"line":117,"column":17}}],"line":115},"12":{"loc":{"start":{"line":118,"column":16},"end":{"line":120,"column":17}},"type":"if","locations":[{"start":{"line":118,"column":16},"end":{"line":120,"column":17}},{"start":{"line":118,"column":16},"end":{"line":120,"column":17}}],"line":118},"13":{"loc":{"start":{"line":121,"column":16},"end":{"line":123,"column":17}},"type":"if","locations":[{"start":{"line":121,"column":16},"end":{"line":123,"column":17}},{"start":{"line":121,"column":16},"end":{"line":123,"column":17}}],"line":121},"14":{"loc":{"start":{"line":126,"column":16},"end":{"line":128,"column":17}},"type":"if","locations":[{"start":{"line":126,"column":16},"end":{"line":128,"column":17}},{"start":{"line":126,"column":16},"end":{"line":128,"column":17}}],"line":126},"15":{"loc":{"start":{"line":129,"column":16},"end":{"line":131,"column":17}},"type":"if","locations":[{"start":{"line":129,"column":16},"end":{"line":131,"column":17}},{"start":{"line":129,"column":16},"end":{"line":131,"column":17}}],"line":129},"16":{"loc":{"start":{"line":132,"column":16},"end":{"line":134,"column":17}},"type":"if","locations":[{"start":{"line":132,"column":16},"end":{"line":134,"column":17}},{"start":{"line":132,"column":16},"end":{"line":134,"column":17}}],"line":132},"17":{"loc":{"start":{"line":135,"column":16},"end":{"line":137,"column":17}},"type":"if","locations":[{"start":{"line":135,"column":16},"end":{"line":137,"column":17}},{"start":{"line":135,"column":16},"end":{"line":137,"column":17}}],"line":135},"18":{"loc":{"start":{"line":138,"column":16},"end":{"line":140,"column":17}},"type":"if","locations":[{"start":{"line":138,"column":16},"end":{"line":140,"column":17}},{"start":{"line":138,"column":16},"end":{"line":140,"column":17}}],"line":138},"19":{"loc":{"start":{"line":143,"column":16},"end":{"line":145,"column":17}},"type":"if","locations":[{"start":{"line":143,"column":16},"end":{"line":145,"column":17}},{"start":{"line":143,"column":16},"end":{"line":145,"column":17}}],"line":143},"20":{"loc":{"start":{"line":146,"column":16},"end":{"line":148,"column":17}},"type":"if","locations":[{"start":{"line":146,"column":16},"end":{"line":148,"column":17}},{"start":{"line":146,"column":16},"end":{"line":148,"column":17}}],"line":146},"21":{"loc":{"start":{"line":149,"column":16},"end":{"line":151,"column":17}},"type":"if","locations":[{"start":{"line":149,"column":16},"end":{"line":151,"column":17}},{"start":{"line":149,"column":16},"end":{"line":151,"column":17}}],"line":149},"22":{"loc":{"start":{"line":152,"column":16},"end":{"line":154,"column":17}},"type":"if","locations":[{"start":{"line":152,"column":16},"end":{"line":154,"column":17}},{"start":{"line":152,"column":16},"end":{"line":154,"column":17}}],"line":152},"23":{"loc":{"start":{"line":155,"column":16},"end":{"line":157,"column":17}},"type":"if","locations":[{"start":{"line":155,"column":16},"end":{"line":157,"column":17}},{"start":{"line":155,"column":16},"end":{"line":157,"column":17}}],"line":155},"24":{"loc":{"start":{"line":160,"column":16},"end":{"line":162,"column":17}},"type":"if","locations":[{"start":{"line":160,"column":16},"end":{"line":162,"column":17}},{"start":{"line":160,"column":16},"end":{"line":162,"column":17}}],"line":160},"25":{"loc":{"start":{"line":163,"column":16},"end":{"line":165,"column":17}},"type":"if","locations":[{"start":{"line":163,"column":16},"end":{"line":165,"column":17}},{"start":{"line":163,"column":16},"end":{"line":165,"column":17}}],"line":163},"26":{"loc":{"start":{"line":166,"column":16},"end":{"line":168,"column":17}},"type":"if","locations":[{"start":{"line":166,"column":16},"end":{"line":168,"column":17}},{"start":{"line":166,"column":16},"end":{"line":168,"column":17}}],"line":166},"27":{"loc":{"start":{"line":169,"column":16},"end":{"line":171,"column":17}},"type":"if","locations":[{"start":{"line":169,"column":16},"end":{"line":171,"column":17}},{"start":{"line":169,"column":16},"end":{"line":171,"column":17}}],"line":169},"28":{"loc":{"start":{"line":172,"column":16},"end":{"line":174,"column":17}},"type":"if","locations":[{"start":{"line":172,"column":16},"end":{"line":174,"column":17}},{"start":{"line":172,"column":16},"end":{"line":174,"column":17}}],"line":172},"29":{"loc":{"start":{"line":177,"column":16},"end":{"line":179,"column":17}},"type":"if","locations":[{"start":{"line":177,"column":16},"end":{"line":179,"column":17}},{"start":{"line":177,"column":16},"end":{"line":179,"column":17}}],"line":177},"30":{"loc":{"start":{"line":180,"column":16},"end":{"line":182,"column":17}},"type":"if","locations":[{"start":{"line":180,"column":16},"end":{"line":182,"column":17}},{"start":{"line":180,"column":16},"end":{"line":182,"column":17}}],"line":180},"31":{"loc":{"start":{"line":183,"column":16},"end":{"line":185,"column":17}},"type":"if","locations":[{"start":{"line":183,"column":16},"end":{"line":185,"column":17}},{"start":{"line":183,"column":16},"end":{"line":185,"column":17}}],"line":183},"32":{"loc":{"start":{"line":186,"column":16},"end":{"line":188,"column":17}},"type":"if","locations":[{"start":{"line":186,"column":16},"end":{"line":188,"column":17}},{"start":{"line":186,"column":16},"end":{"line":188,"column":17}}],"line":186},"33":{"loc":{"start":{"line":189,"column":16},"end":{"line":191,"column":17}},"type":"if","locations":[{"start":{"line":189,"column":16},"end":{"line":191,"column":17}},{"start":{"line":189,"column":16},"end":{"line":191,"column":17}}],"line":189}},"s":{"0":1,"1":1,"2":4,"3":4,"4":4,"5":4,"6":44,"7":44,"8":44,"9":22,"10":22,"11":22,"12":0,"13":22,"14":11,"15":22,"16":22,"17":4,"18":4,"19":2,"20":2,"21":2,"22":4,"23":4,"24":4,"25":4,"26":4,"27":4,"28":4,"29":4,"30":4,"31":4,"32":4,"33":44,"34":22,"35":22,"36":22,"37":22,"38":22,"39":22,"40":22,"41":22,"42":22,"43":22,"44":4,"45":4,"46":4,"47":2,"48":2,"49":2,"50":2,"51":44,"52":44,"53":22,"54":0,"55":22,"56":22,"57":22,"58":0,"59":22,"60":0,"61":22,"62":0,"63":22,"64":8,"65":0,"66":8,"67":0,"68":8,"69":8,"70":8,"71":0,"72":8,"73":0,"74":8,"75":0,"76":0,"77":0,"78":0,"79":0,"80":0,"81":0,"82":0,"83":0,"84":0,"85":0,"86":14,"87":0,"88":14,"89":0,"90":14,"91":0,"92":14,"93":0,"94":14,"95":14,"96":14,"97":0,"98":0,"99":0,"100":0,"101":0,"102":0,"103":0,"104":0,"105":0,"106":0,"107":0,"108":0,"109":0,"110":44,"111":1},"f":{"0":4,"1":44,"2":4,"3":4,"4":4,"5":44},"b":{"0":[22,22],"1":[0,22],"2":[11,11],"3":[2,2],"4":[2,0],"5":[48,46],"6":[22,22],"7":[2,2],"8":[22,8,0,14,0,0],"9":[0,22],"10":[22,0],"11":[0,22],"12":[0,22],"13":[0,22],"14":[0,8],"15":[0,8],"16":[8,0],"17":[0,8],"18":[0,8],"19":[0,0],"20":[0,0],"21":[0,0],"22":[0,0],"23":[0,0],"24":[0,14],"25":[0,14],"26":[0,14],"27":[0,14],"28":[14,0],"29":[0,0],"30":[0,0],"31":[0,0],"32":[0,0],"33":[0,0]},"inputSourceMap":{"version":3,"file":"/home/usuario/ull-esit-inf-dsi-21-22-prct06-generics-solid-alu0101130408/src/ejercicio-1/combat.ts","sources":["/home/usuario/ull-esit-inf-dsi-21-22-prct06-generics-solid-alu0101130408/src/ejercicio-1/combat.ts"],"names":[],"mappings":";;;AAEA;;GAEG;AAEH,MAAa,MAAM;IACjB,YAAoB,QAAiB,EAAU,cAAsB;QAAjD,aAAQ,GAAR,QAAQ,CAAS;QAAU,mBAAc,GAAd,cAAc,CAAQ;QACnE,IAAI,CAAC,QAAQ,GAAG,QAAQ,CAAC;QACzB,IAAI,CAAC,cAAc,GAAG,cAAc,CAAC;IACvC,CAAC;IAED;;;;OAIG;IACI,qBAAqB,CAAC,QAAgB;QAC3C,IAAI,IAAI,GAAW,CAAC,CAAC;QACrB,IAAI,WAAW,GAAW,IAAI,CAAC,kBAAkB,CAAC,IAAI,CAAC,QAAQ,EAAE,IAAI,CAAC,cAAc,CAAC,CAAC;QAEtF,IAAI,QAAQ,IAAI,CAAC,EAAE;YACjB,IAAI,GAAG,CAAC,EAAE,GAAG,CAAC,IAAI,CAAC,QAAQ,CAAC,YAAY,EAAE,CAAC,MAAM,GAAG,IAAI,CAAC,cAAc,CAAC,YAAY,EAAE,CAAC,OAAO,CAAC,GAAG,WAAW,CAAC,CAAC;YAC/G,OAAO,IAAI,CAAC,KAAK,CAAC,IAAI,CAAC,CAAC;SACzB;aAAM;YACL,IAAI,WAAW,IAAI,GAAG,EAAE;gBACtB,WAAW,GAAG,CAAC,CAAC;aACjB;YACD,IAAI,WAAW,IAAI,CAAC,EAAE;gBACpB,WAAW,GAAG,GAAG,CAAC;aACnB;YACD,IAAI,GAAG,CAAC,EAAE,GAAG,CAAC,IAAI,CAAC,QAAQ,CAAC,YAAY,EAAE,CAAC,MAAM,GAAG,IAAI,CAAC,cAAc,CAAC,YAAY,EAAE,CAAC,OAAO,CAAC,GAAG,WAAW,CAAC,CAAC;YAC/G,OAAO,IAAI,CAAC,KAAK,CAAC,IAAI,CAAC,CAAC;SACzB;IACH,CAAC;IAED;;OAEG;IACI,QAAQ;QACb,IAAI,QAAQ,GAAU,CAAC,CAAC;QACxB,IAAI,IAAI,CAAC,QAAQ,CAAC,YAAY,EAAE,CAAC,SAAS,IAAI,IAAI,CAAC,cAAc,CAAC,YAAY,EAAE,CAAC,SAAS,EAAE;YAC1F,QAAQ,GAAG,CAAC,CAAC;SACd;aAAM;YACL,IAAI,IAAI,CAAC,QAAQ,CAAC,YAAY,EAAE,CAAC,SAAS,GAAG,IAAI,CAAC,cAAc,CAAC,YAAY,EAAE,CAAC,SAAS,EAAE;gBACzF,QAAQ,GAAG,CAAC,CAAC;aACd;SACF;QACD,OAAO,QAAQ,CAAC;IAClB,CAAC;IACD;;;OAGG;IACI,iBAAiB;QACtB,IAAI,QAAQ,GAAW,IAAI,CAAC,QAAQ,EAAE,CAAC;QACvC,IAAI,MAAM,GAAW,EAAE,CAAC;QACxB,OAAO,CAAC,GAAG,CAAC,oEAAoE,CAAC,CAAC;QAClF,OAAO,CAAC,GAAG,CAAC,KAAK,IAAI,CAAC,QAAQ,CAAC,SAAS,EAAE,UAAU,IAAI,CAAC,cAAc,CAAC,SAAS,EAAE,EAAE,CAAC,CAAC;QACvF,OAAO,CAAC,GAAG,CAAC,WAAW,IAAI,CAAC,QAAQ,CAAC,YAAY,EAAE,CAAC,IAAI,iBAAiB,IAAI,CAAC,cAAc,CAAC,YAAY,EAAE,CAAC,IAAI,EAAE,CAAC,CAAC;QACpH,OAAO,CAAC,GAAG,CAAC,aAAa,IAAI,CAAC,QAAQ,CAAC,YAAY,EAAE,CAAC,MAAM,iBAAiB,IAAI,CAAC,cAAc,CAAC,YAAY,EAAE,CAAC,MAAM,EAAE,CAAC,CAAC;QAC1H,OAAO,CAAC,GAAG,CAAC,cAAc,IAAI,CAAC,QAAQ,CAAC,YAAY,EAAE,CAAC,OAAO,iBAAiB,IAAI,CAAC,cAAc,CAAC,YAAY,EAAE,CAAC,OAAO,EAAE,CAAC,CAAC;QAC7H,OAAO,CAAC,GAAG,CAAC,gBAAgB,IAAI,CAAC,QAAQ,CAAC,YAAY,EAAE,CAAC,SAAS,iBAAiB,IAAI,CAAC,cAAc,CAAC,YAAY,EAAE,CAAC,SAAS,EAAE,CAAC,CAAC;QACnI,OAAO,CAAC,GAAG,CAAC,oEAAoE,CAAC,CAAC;QAElF,OAAO,CAAC,IAAI,CAAC,QAAQ,CAAC,YAAY,EAAE,CAAC,IAAI,GAAG,CAAC,CAAC,IAAI,CAAC,IAAI,CAAC,cAAc,CAAC,YAAY,EAAE,CAAC,IAAI,GAAG,CAAC,CAAC,EAAE;YAC/F,IAAI,QAAQ,IAAI,CAAC,EAAE;gBACjB,OAAO,CAAC,GAAG,CAAC,yBAAyB,IAAI,CAAC,QAAQ,CAAC,SAAS,EAAE,EAAE,CAAC,CAAC;gBAClE,OAAO,CAAC,GAAG,CAAC,GAAG,IAAI,CAAC,QAAQ,CAAC,sBAAsB,EAAE,GAAG,CAAC,CAAC;gBAC1D,IAAI,CAAC,cAAc,CAAC,OAAO,CAAC,IAAI,CAAC,cAAc,CAAC,YAAY,EAAE,CAAC,IAAI,GAAG,IAAI,CAAC,qBAAqB,CAAC,QAAQ,CAAC,CAAC,CAAC;gBAC5G,OAAO,CAAC,GAAG,CAAC,iBAAiB,IAAI,CAAC,cAAc,CAAC,SAAS,EAAE,iBAAiB,IAAI,CAAC,cAAc,CAAC,YAAY,EAAE,CAAC,IAAI,IAAI,CAAC,CAAC;gBAC1H,QAAQ,GAAG,CAAC,CAAC;aACd;iBAAM;gBACL,OAAO,CAAC,GAAG,CAAC,yBAAyB,IAAI,CAAC,cAAc,CAAC,SAAS,EAAE,EAAE,CAAC,CAAC;gBACxE,OAAO,CAAC,GAAG,CAAC,GAAG,IAAI,CAAC,cAAc,CAAC,sBAAsB,EAAE,GAAG,CAAC,CAAC;gBAChE,IAAI,CAAC,QAAQ,CAAC,OAAO,CAAC,IAAI,CAAC,QAAQ,CAAC,YAAY,EAAE,CAAC,IAAI,GAAG,IAAI,CAAC,qBAAqB,CAAC,QAAQ,CAAC,CAAC,CAAC;gBAChG,OAAO,CAAC,GAAG,CAAC,iBAAiB,IAAI,CAAC,QAAQ,CAAC,SAAS,EAAE,iBAAiB,IAAI,CAAC,QAAQ,CAAC,YAAY,EAAE,CAAC,IAAI,IAAI,CAAC,CAAC;gBAC9G,QAAQ,GAAG,CAAC,CAAC;aACd;SACF;QAED,MAAM,GAAG,IAAI,CAAC,SAAS,EAAE,CAAC;QAC1B,OAAO,MAAM,CAAC;IAChB,CAAC;IAED;;;OAGG;IACI,SAAS;QACd,IAAI,IAAI,CAAC,QAAQ,CAAC,YAAY,EAAE,CAAC,IAAI,IAAI,CAAC,EAAE;YAC1C,OAAO,CAAC,GAAG,CAAC,mCAAmC,IAAI,CAAC,cAAc,CAAC,SAAS,EAAE,QAAQ,CAAC,CAAC;YACxF,OAAO,IAAI,CAAC,cAAc,CAAC,SAAS,EAAE,CAAC;SACxC;aAAM;YACL,OAAO,CAAC,GAAG,CAAC,mCAAmC,IAAI,CAAC,QAAQ,CAAC,SAAS,EAAE,OAAO,CAAC,CAAC;YACjF,OAAO,IAAI,CAAC,QAAQ,CAAC,SAAS,EAAE,CAAC;SAClC;IACH,CAAC;IAED;;;;;OAKG;IACI,kBAAkB,CAAC,QAAiB,EAAE,cAAuB;QAClE,IAAI,WAAW,GAAW,CAAC,CAAC;QAE5B,QAAQ,QAAQ,CAAC,WAAW,EAAE,EAAE;YAC9B,KAAK,SAAS;gBACZ,IAAI,cAAc,CAAC,WAAW,EAAE,IAAI,SAAS,EAAE;oBAC7C,WAAW,GAAG,GAAG,CAAC;iBACnB;gBACD,IAAI,cAAc,CAAC,WAAW,EAAE,IAAI,QAAQ,EAAE;oBAC5C,WAAW,GAAG,CAAC,CAAC;iBACjB;gBACD,IAAI,cAAc,CAAC,WAAW,EAAE,IAAI,IAAI,EAAE;oBACxC,WAAW,GAAG,GAAG,CAAC;iBACnB;gBACD,IAAI,cAAc,CAAC,WAAW,EAAE,IAAI,WAAW,EAAE;oBAC/C,WAAW,GAAG,CAAC,CAAC;iBACjB;gBACD,IAAI,cAAc,CAAC,WAAW,EAAE,IAAI,iBAAiB,EAAE;oBACrD,WAAW,GAAG,CAAC,CAAC;iBACjB;gBACD,MAAM;YAER,KAAK,QAAQ;gBACX,IAAI,cAAc,CAAC,WAAW,EAAE,IAAI,QAAQ,EAAE;oBAC5C,WAAW,GAAG,GAAG,CAAC;iBACnB;gBACD,IAAI,cAAc,CAAC,WAAW,EAAE,IAAI,SAAS,EAAE;oBAC7C,WAAW,GAAG,CAAC,CAAC;iBACjB;gBACD,IAAI,cAAc,CAAC,WAAW,EAAE,IAAI,IAAI,EAAE;oBACxC,WAAW,GAAG,CAAC,CAAC;iBACjB;gBACD,IAAI,cAAc,CAAC,WAAW,EAAE,IAAI,WAAW,EAAE;oBAC/C,WAAW,GAAG,GAAG,CAAC;iBACnB;gBACD,IAAI,cAAc,CAAC,WAAW,EAAE,IAAI,iBAAiB,EAAE;oBACrD,WAAW,GAAG,GAAG,CAAC;iBACnB;gBACD,MAAM;YAER,KAAK,IAAI;gBACP,IAAI,cAAc,CAAC,WAAW,EAAE,IAAI,IAAI,EAAE;oBACxC,WAAW,GAAG,GAAG,CAAC;iBACnB;gBACD,IAAI,cAAc,CAAC,WAAW,EAAE,IAAI,SAAS,EAAE;oBAC7C,WAAW,GAAG,CAAC,CAAC;iBACjB;gBACD,IAAI,cAAc,CAAC,WAAW,EAAE,IAAI,QAAQ,EAAE;oBAC5C,WAAW,GAAG,GAAG,CAAC;iBACnB;gBACD,IAAI,cAAc,CAAC,WAAW,EAAE,IAAI,WAAW,EAAE;oBAC/C,WAAW,GAAG,CAAC,CAAC;iBACjB;gBACD,IAAI,cAAc,CAAC,WAAW,EAAE,IAAI,iBAAiB,EAAE;oBACrD,WAAW,GAAG,GAAG,CAAC;iBACnB;gBACD,MAAM;YACR,KAAK,WAAW;gBACd,IAAI,cAAc,CAAC,WAAW,EAAE,IAAI,WAAW,EAAE;oBAC/C,WAAW,GAAG,GAAG,CAAC;iBACnB;gBACD,IAAI,cAAc,CAAC,WAAW,EAAE,IAAI,SAAS,EAAE;oBAC7C,WAAW,GAAG,GAAG,CAAC;iBACnB;gBACD,IAAI,cAAc,CAAC,WAAW,EAAE,IAAI,IAAI,EAAE;oBACxC,WAAW,GAAG,CAAC,CAAC;iBACjB;gBACD,IAAI,cAAc,CAAC,WAAW,EAAE,IAAI,SAAS,EAAE;oBAC7C,WAAW,GAAG,CAAC,CAAC;iBACjB;gBACD,IAAI,cAAc,CAAC,WAAW,EAAE,IAAI,iBAAiB,EAAE;oBACrD,WAAW,GAAG,CAAC,CAAC;iBACjB;gBACD,MAAM;YAER,KAAK,iBAAiB;gBACpB,IAAI,cAAc,CAAC,WAAW,EAAE,IAAI,iBAAiB,EAAE;oBACrD,WAAW,GAAG,GAAG,CAAC;iBACnB;gBACD,IAAI,cAAc,CAAC,WAAW,EAAE,IAAI,SAAS,EAAE;oBAC7C,WAAW,GAAG,GAAG,CAAC;iBACnB;gBACD,IAAI,cAAc,CAAC,WAAW,EAAE,IAAI,IAAI,EAAE;oBACxC,WAAW,GAAG,CAAC,CAAC;iBACjB;gBACD,IAAI,cAAc,CAAC,WAAW,EAAE,IAAI,WAAW,EAAE;oBAC/C,WAAW,GAAG,GAAG,CAAC;iBACnB;gBACD,IAAI,cAAc,CAAC,WAAW,EAAE,IAAI,QAAQ,EAAE;oBAC5C,WAAW,GAAG,CAAC,CAAC;iBACjB;gBACD,MAAM;YAER;gBACE,WAAW,GAAG,CAAC,CAAC,CAAC;gBACjB,MAAM;SACT;QAED,OAAO,WAAW,CAAC;IACrB,CAAC;CACF;AAvMD,wBAuMC","sourcesContent":["import {Fighter} from \"./fighter\";\n\n/**\n * Clase encargada de simular un combate entre dos luchadores\n */\n\nexport class Combat {\n  constructor(private luchador: Fighter, private secondLuchador:Fighter) {\n    this.luchador = luchador;\n    this.secondLuchador = secondLuchador;\n  }\n\n  /**\n   * Funcion que calcula el daño inflingido por el atacante\n   * @param atacante luchador que empieza el turno atacando\n   * @returns devuelve el daño numerico que ha sido ocacionado a traves de la formula.\n   */\n  public calculoDañoInflingido(atacante: number): number {\n    let daño: number = 0;\n    let efectividad: number = this.calculoEfectividad(this.luchador, this.secondLuchador);\n\n    if (atacante == 1) {\n      daño = (50 * (this.luchador.getAtributos().ataque / this.secondLuchador.getAtributos().defensa) * efectividad);\n      return Math.trunc(daño);\n    } else {\n      if (efectividad == 0.5) {\n        efectividad = 2;\n      }\n      if (efectividad == 2) {\n        efectividad = 0.5;\n      }\n      daño = (50 * (this.luchador.getAtributos().ataque / this.secondLuchador.getAtributos().defensa) * efectividad);\n      return Math.trunc(daño);\n    }\n  }\n\n  /**\n   * Funcion que determina quien empieza si el luchar1 o el luchar 2.\n   */\n  public whoStart(): number {\n    let atacante:number = 0;\n    if (this.luchador.getAtributos().velocidad >= this.secondLuchador.getAtributos().velocidad) {\n      atacante = 1;\n    } else {\n      if (this.luchador.getAtributos().velocidad < this.secondLuchador.getAtributos().velocidad) {\n        atacante = 2;\n      }\n    }\n    return atacante;\n  }\n  /**\n   * Función que calcula el ganador del combate entre ambos luchadores\n   * @return Devuelve una cadena con el nombre del luchador que ha ganado dependiendo de la vida resultante.\n   */\n  public combateLuchadores(): string {\n    let atacante: number = this.whoStart();\n    let winner: string = '';\n    console.log(`──────────────────────────────────────────────────────────────────`);\n    console.log(`» ${this.luchador.getNombre()}  vs   ${this.secondLuchador.getNombre()}`);\n    console.log(`» Vida: ${this.luchador.getAtributos().vida}      » Vida: ${this.secondLuchador.getAtributos().vida}`);\n    console.log(`» Ataque: ${this.luchador.getAtributos().ataque}    » Ataque: ${this.secondLuchador.getAtributos().ataque}`);\n    console.log(`» Defensa: ${this.luchador.getAtributos().defensa}   » Defensa: ${this.secondLuchador.getAtributos().defensa}`);\n    console.log(`» Velocidad: ${this.luchador.getAtributos().velocidad} » Velocidad: ${this.secondLuchador.getAtributos().velocidad}`);\n    console.log(`──────────────────────────────────────────────────────────────────`);\n\n    while ((this.luchador.getAtributos().vida > 0) && (this.secondLuchador.getAtributos().vida > 0)) {\n      if (atacante == 1) {\n        console.log(`»» Turno de ataque de ${this.luchador.getNombre()}`);\n        console.log(`${this.luchador.getFraseCaracteristica()}!`);\n        this.secondLuchador.setVida(this.secondLuchador.getAtributos().vida - this.calculoDañoInflingido(atacante));\n        console.log(`»» La vida de ${this.secondLuchador.getNombre()} ha bajado a: ${this.secondLuchador.getAtributos().vida}\\n`);\n        atacante = 2;\n      } else {\n        console.log(`»» Turno de ataque de ${this.secondLuchador.getNombre()}`);\n        console.log(`${this.secondLuchador.getFraseCaracteristica()}!`);\n        this.luchador.setVida(this.luchador.getAtributos().vida - this.calculoDañoInflingido(atacante));\n        console.log(`»» La vida de ${this.luchador.getNombre()} ha bajado a: ${this.luchador.getAtributos().vida}\\n`);\n        atacante = 1;\n      }\n    }\n\n    winner = this.whoWinner();\n    return winner;\n  }\n\n  /**\n   * Funcion que determina al ganador en base a la vida de ambos luchadores\n   * @returns devuelve si la vida es menor o igual a cero un mensaje de que no se puede realizar el combate sino devuelve el nombre del ganador.\n   */\n  public whoWinner(): string {\n    if (this.luchador.getAtributos().vida <= 0) {\n      console.log(`»»»» El ganador del combate es: ${this.secondLuchador.getNombre()} «««« `);\n      return this.secondLuchador.getNombre();\n    } else {\n      console.log(`»»»» El ganador del combate es: ${this.luchador.getNombre()} ««««`);\n      return this.luchador.getNombre();\n    }\n  }\n\n  /**\n   * Funcion que calcula la efectividad de los ataques dependiendo del universo al que pertenezca cada luchador\n   * @param luchador Primer luchador del combate perteneciente a uno de las subclases de luchador.\n   * @param secondLuchador segundo luchador del combate perteneciente a uno de las subclases de luchador.\n   * @returns devuelve la efectividad que hay que aplicar al ataque.\n   */\n  public calculoEfectividad(luchador: Fighter, secondLuchador: Fighter): number {\n    let efectividad: number = 0;\n\n    switch (luchador.getUniverso()) {\n      case 'Pokemon':\n        if (secondLuchador.getUniverso() == 'Pokemon') {\n          efectividad = 0.5;\n        }\n        if (secondLuchador.getUniverso() == 'Marvel') {\n          efectividad = 1;\n        }\n        if (secondLuchador.getUniverso() == 'DC') {\n          efectividad = 0.5;\n        }\n        if (secondLuchador.getUniverso() == 'Star Wars') {\n          efectividad = 2;\n        }\n        if (secondLuchador.getUniverso() == 'Patrulla Canina') {\n          efectividad = 2;\n        }\n        break;\n\n      case 'Marvel':\n        if (secondLuchador.getUniverso() == 'Marvel') {\n          efectividad = 0.5;\n        }\n        if (secondLuchador.getUniverso() == 'Pokemon') {\n          efectividad = 1;\n        }\n        if (secondLuchador.getUniverso() == 'DC') {\n          efectividad = 2;\n        }\n        if (secondLuchador.getUniverso() == 'Star Wars') {\n          efectividad = 0.5;\n        }\n        if (secondLuchador.getUniverso() == 'Patrulla Canina') {\n          efectividad = 0.5;\n        }\n        break;\n\n      case 'DC':\n        if (secondLuchador.getUniverso() == 'DC') {\n          efectividad = 0.5;\n        }\n        if (secondLuchador.getUniverso() == 'Pokemon') {\n          efectividad = 2;\n        }\n        if (secondLuchador.getUniverso() == 'Marvel') {\n          efectividad = 0.5;\n        }\n        if (secondLuchador.getUniverso() == 'Star Wars') {\n          efectividad = 1;\n        }\n        if (secondLuchador.getUniverso() == 'Patrulla Canina') {\n          efectividad = 0.5;\n        }\n        break;\n      case 'Star Wars':\n        if (secondLuchador.getUniverso() == 'Star Wars') {\n          efectividad = 0.5;\n        }\n        if (secondLuchador.getUniverso() == 'Pokemon') {\n          efectividad = 0.5;\n        }\n        if (secondLuchador.getUniverso() == 'DC') {\n          efectividad = 1;\n        }\n        if (secondLuchador.getUniverso() == ' Marvel') {\n          efectividad = 2;\n        }\n        if (secondLuchador.getUniverso() == 'Patrulla Canina') {\n          efectividad = 2;\n        }\n        break;\n\n      case 'Patrulla Canina':\n        if (secondLuchador.getUniverso() == 'Patrulla Canina') {\n          efectividad = 0.5;\n        }\n        if (secondLuchador.getUniverso() == 'Pokemon') {\n          efectividad = 0.5;\n        }\n        if (secondLuchador.getUniverso() == 'DC') {\n          efectividad = 2;\n        }\n        if (secondLuchador.getUniverso() == 'Star Wars') {\n          efectividad = 0.5;\n        }\n        if (secondLuchador.getUniverso() == 'Marvel') {\n          efectividad = 2;\n        }\n        break;\n\n      default:\n        efectividad = -1;\n        break;\n    }\n\n    return efectividad;\n  }\n}\n"]},"_coverageSchema":"1a1c01bbd47fc00a2c39e90264f33305004495a9","hash":"e4d33d32ea84414b5ecee98b4ec243848fceb4da","contentHash":"d2c346e5f8cb3c86adbbf5a56297758d22126666dbdd5fc1785a8fcb60b231dc"},"/home/usuario/ull-esit-inf-dsi-21-22-prct06-generics-solid-alu0101130408/src/ejercicio-2/subclass/serie.ts":{"path":"/home/usuario/ull-esit-inf-dsi-21-22-prct06-generics-solid-alu0101130408/src/ejercicio-2/subclass/serie.ts","statementMap":{"0":{"start":{"line":2,"column":0},"end":{"line":2,"column":62}},"1":{"start":{"line":3,"column":0},"end":{"line":3,"column":23}},"2":{"start":{"line":4,"column":35},"end":{"line":4,"column":73}},"3":{"start":{"line":11,"column":8},"end":{"line":11,"column":26}},"4":{"start":{"line":12,"column":8},"end":{"line":12,"column":37}},"5":{"start":{"line":19,"column":8},"end":{"line":19,"column":31}},"6":{"start":{"line":28,"column":23},"end":{"line":28,"column":25}},"7":{"start":{"line":29,"column":8},"end":{"line":53,"column":9}},"8":{"start":{"line":31,"column":16},"end":{"line":31,"column":93}},"9":{"start":{"line":31,"column":70},"end":{"line":31,"column":90}},"10":{"start":{"line":32,"column":16},"end":{"line":32,"column":32}},"11":{"start":{"line":33,"column":16},"end":{"line":33,"column":22}},"12":{"start":{"line":35,"column":16},"end":{"line":35,"column":102}},"13":{"start":{"line":35,"column":70},"end":{"line":35,"column":99}},"14":{"start":{"line":36,"column":16},"end":{"line":36,"column":32}},"15":{"start":{"line":37,"column":16},"end":{"line":37,"column":22}},"16":{"start":{"line":39,"column":16},"end":{"line":39,"column":107}},"17":{"start":{"line":39,"column":70},"end":{"line":39,"column":104}},"18":{"start":{"line":40,"column":16},"end":{"line":40,"column":32}},"19":{"start":{"line":41,"column":16},"end":{"line":41,"column":22}},"20":{"start":{"line":43,"column":16},"end":{"line":43,"column":107}},"21":{"start":{"line":43,"column":70},"end":{"line":43,"column":104}},"22":{"start":{"line":44,"column":16},"end":{"line":44,"column":32}},"23":{"start":{"line":45,"column":16},"end":{"line":45,"column":22}},"24":{"start":{"line":47,"column":16},"end":{"line":47,"column":93}},"25":{"start":{"line":47,"column":70},"end":{"line":47,"column":90}},"26":{"start":{"line":48,"column":16},"end":{"line":48,"column":32}},"27":{"start":{"line":49,"column":16},"end":{"line":49,"column":22}},"28":{"start":{"line":51,"column":16},"end":{"line":51,"column":26}},"29":{"start":{"line":52,"column":16},"end":{"line":52,"column":22}},"30":{"start":{"line":56,"column":0},"end":{"line":56,"column":22}}},"fnMap":{"0":{"name":"(anonymous_0)","decl":{"start":{"line":10,"column":4},"end":{"line":10,"column":5}},"loc":{"start":{"line":10,"column":28},"end":{"line":13,"column":5}},"line":10},"1":{"name":"(anonymous_1)","decl":{"start":{"line":18,"column":4},"end":{"line":18,"column":5}},"loc":{"start":{"line":18,"column":24},"end":{"line":20,"column":5}},"line":18},"2":{"name":"(anonymous_2)","decl":{"start":{"line":27,"column":4},"end":{"line":27,"column":5}},"loc":{"start":{"line":27,"column":29},"end":{"line":54,"column":5}},"line":27},"3":{"name":"(anonymous_3)","decl":{"start":{"line":31,"column":59},"end":{"line":31,"column":60}},"loc":{"start":{"line":31,"column":70},"end":{"line":31,"column":90}},"line":31},"4":{"name":"(anonymous_4)","decl":{"start":{"line":35,"column":59},"end":{"line":35,"column":60}},"loc":{"start":{"line":35,"column":70},"end":{"line":35,"column":99}},"line":35},"5":{"name":"(anonymous_5)","decl":{"start":{"line":39,"column":59},"end":{"line":39,"column":60}},"loc":{"start":{"line":39,"column":70},"end":{"line":39,"column":104}},"line":39},"6":{"name":"(anonymous_6)","decl":{"start":{"line":43,"column":59},"end":{"line":43,"column":60}},"loc":{"start":{"line":43,"column":70},"end":{"line":43,"column":104}},"line":43},"7":{"name":"(anonymous_7)","decl":{"start":{"line":47,"column":59},"end":{"line":47,"column":60}},"loc":{"start":{"line":47,"column":70},"end":{"line":47,"column":90}},"line":47}},"branchMap":{"0":{"loc":{"start":{"line":29,"column":8},"end":{"line":53,"column":9}},"type":"switch","locations":[{"start":{"line":30,"column":12},"end":{"line":33,"column":22}},{"start":{"line":34,"column":12},"end":{"line":37,"column":22}},{"start":{"line":38,"column":12},"end":{"line":41,"column":22}},{"start":{"line":42,"column":12},"end":{"line":45,"column":22}},{"start":{"line":46,"column":12},"end":{"line":49,"column":22}},{"start":{"line":50,"column":12},"end":{"line":52,"column":22}}],"line":29}},"s":{"0":1,"1":1,"2":1,"3":1,"4":1,"5":5,"6":5,"7":5,"8":1,"9":4,"10":1,"11":0,"12":1,"13":4,"14":1,"15":0,"16":1,"17":4,"18":1,"19":0,"20":1,"21":4,"22":1,"23":0,"24":1,"25":4,"26":1,"27":0,"28":0,"29":0,"30":1},"f":{"0":1,"1":5,"2":5,"3":4,"4":4,"5":4,"6":4,"7":4},"b":{"0":[1,1,1,1,1,0]},"inputSourceMap":{"version":3,"file":"/home/usuario/ull-esit-inf-dsi-21-22-prct06-generics-solid-alu0101130408/src/ejercicio-2/subclass/serie.ts","sources":["/home/usuario/ull-esit-inf-dsi-21-22-prct06-generics-solid-alu0101130408/src/ejercicio-2/subclass/serie.ts"],"names":[],"mappings":";;;AAAA,0EAAuE;AAEvE;;;GAGG;AACH,MAAa,KAAM,SAAQ,qDAAmC;IAC5D,YAAsB,UAAoB;QACxC,KAAK,CAAC,UAAU,CAAC,CAAC;QADE,eAAU,GAAV,UAAU,CAAU;IAE1C,CAAC;IAED;;;OAGG;IACH,iBAAiB;QACf,OAAO,IAAI,CAAC,UAAU,CAAC;IACzB,CAAC;IAED;;;;;OAKG;IACH,MAAM,CAAC,SAAiB,EAAE,KAAa;QACrC,IAAI,QAAQ,GAAa,EAAE,CAAC;QAC5B,QAAQ,SAAS,EAAE;YACjB,KAAK,QAAQ;gBACX,QAAQ,GAAG,IAAI,CAAC,iBAAiB,EAAE,CAAC,MAAM,CAAC,CAAC,IAAI,EAAE,EAAE,CAAC,CAAC,IAAI,CAAC,MAAM,IAAI,KAAK,CAAC,CAAC,CAAC;gBAC7E,OAAO,QAAQ,CAAC;gBAChB,MAAM;YACR,KAAK,MAAM;gBACT,QAAQ,GAAG,IAAI,CAAC,iBAAiB,EAAE,CAAC,MAAM,CAAC,CAAC,IAAI,EAAE,EAAE,CAAC,CAAC,IAAI,CAAC,IAAI,CAAC,QAAQ,EAAE,IAAI,KAAK,CAAC,CAAC,CAAC;gBACtF,OAAO,QAAQ,CAAC;gBAChB,MAAM;YACR,KAAK,WAAW;gBACd,QAAQ,GAAG,IAAI,CAAC,iBAAiB,EAAE,CAAC,MAAM,CAAC,CAAC,IAAI,EAAE,EAAE,CAAC,CAAC,IAAI,CAAC,SAAS,CAAC,QAAQ,EAAE,IAAI,KAAK,CAAC,CAAC,CAAC;gBAC3F,OAAO,QAAQ,CAAC;gBAChB,MAAM;YACR,KAAK,WAAW;gBACd,QAAQ,GAAG,IAAI,CAAC,iBAAiB,EAAE,CAAC,MAAM,CAAC,CAAC,IAAI,EAAE,EAAE,CAAC,CAAC,IAAI,CAAC,SAAS,CAAC,QAAQ,EAAE,IAAI,KAAK,CAAC,CAAC,CAAC;gBAC3F,OAAO,QAAQ,CAAC;gBAChB,MAAM;YACR,KAAK,QAAQ;gBACX,QAAQ,GAAG,IAAI,CAAC,iBAAiB,EAAE,CAAC,MAAM,CAAC,CAAC,IAAI,EAAE,EAAE,CAAC,CAAC,IAAI,CAAC,MAAM,IAAI,KAAK,CAAC,CAAC,CAAC;gBAC7E,OAAO,QAAQ,CAAC;gBAChB,MAAM;YACR;gBACE,OAAO,EAAE,CAAC;gBACV,MAAM;SACT;IACH,CAAC;CACF;AA/CD,sBA+CC","sourcesContent":["import {BasicStreameableCollection} from \"../basiStremeableCollection\";\nimport {series} from '../objects/objetSerie';\n/**\n * Clase que representa una coleccion de Series.\n * @param collection Array de Series que alamcena la coleccion de series.\n */\nexport class Serie extends BasicStreameableCollection <series> {\n  constructor(protected collection: series[]) {\n    super(collection);\n  }\n\n  /**\n   * Funcion encargada de obtener la coleccion de Series.\n   * @returns la coleccion de Series almacenadas.\n   */\n  getCollectionItem(): series[] {\n    return this.collection;\n  }\n\n  /**\n   * Funcion encargada de buscar a través del parametro de búsqueda, un valor dado en la coleccion de Series.\n   * @param parametro Parametro que se desea filtrar, si es por titulo, año, genero ...\n   * @param valor Valor que se quiere buscar en la coleccion, si el titulo es 'Lucifer'...\n   * @returns devuelve un array con toda la informacion referente a esa busqueda.\n   */\n  search(parametro: string, valor: string): series[] {\n    let busqueda: series[] = [];\n    switch (parametro) {\n      case 'titulo':\n        busqueda = this.getCollectionItem().filter((item) => (item.titulo == valor));\n        return busqueda;\n        break;\n      case 'anio':\n        busqueda = this.getCollectionItem().filter((item) => (item.anio.toString() == valor));\n        return busqueda;\n        break;\n      case 'temporada':\n        busqueda = this.getCollectionItem().filter((item) => (item.temporada.toString() == valor));\n        return busqueda;\n        break;\n      case 'episodios':\n        busqueda = this.getCollectionItem().filter((item) => (item.episodios.toString() == valor));\n        return busqueda;\n        break;\n      case 'genero':\n        busqueda = this.getCollectionItem().filter((item) => (item.genero == valor));\n        return busqueda;\n        break;\n      default:\n        return [];\n        break;\n    }\n  }\n}\n"]},"_coverageSchema":"1a1c01bbd47fc00a2c39e90264f33305004495a9","hash":"32c56140eec12dceffe4df217df68f023b44aece","contentHash":"0d9542611f9c49a9105f655106fa9a4fb03c5bd53a3ed23dc5f4a793b78af139"},"/home/usuario/ull-esit-inf-dsi-21-22-prct06-generics-solid-alu0101130408/src/ejercicio-2/basiStremeableCollection.ts":{"path":"/home/usuario/ull-esit-inf-dsi-21-22-prct06-generics-solid-alu0101130408/src/ejercicio-2/basiStremeableCollection.ts","statementMap":{"0":{"start":{"line":2,"column":0},"end":{"line":2,"column":62}},"1":{"start":{"line":3,"column":0},"end":{"line":3,"column":44}},"2":{"start":{"line":14,"column":8},"end":{"line":14,"column":37}},"3":{"start":{"line":17,"column":8},"end":{"line":17,"column":38}},"4":{"start":{"line":20,"column":8},"end":{"line":20,"column":38}},"5":{"start":{"line":23,"column":0},"end":{"line":23,"column":64}}},"fnMap":{"0":{"name":"(anonymous_0)","decl":{"start":{"line":13,"column":4},"end":{"line":13,"column":5}},"loc":{"start":{"line":13,"column":28},"end":{"line":15,"column":5}},"line":13},"1":{"name":"(anonymous_1)","decl":{"start":{"line":16,"column":4},"end":{"line":16,"column":5}},"loc":{"start":{"line":16,"column":21},"end":{"line":18,"column":5}},"line":16},"2":{"name":"(anonymous_2)","decl":{"start":{"line":19,"column":4},"end":{"line":19,"column":5}},"loc":{"start":{"line":19,"column":23},"end":{"line":21,"column":5}},"line":19}},"branchMap":{},"s":{"0":1,"1":1,"2":3,"3":3,"4":3,"5":1},"f":{"0":3,"1":3,"2":3},"b":{},"inputSourceMap":{"version":3,"file":"/home/usuario/ull-esit-inf-dsi-21-22-prct06-generics-solid-alu0101130408/src/ejercicio-2/basiStremeableCollection.ts","sources":["/home/usuario/ull-esit-inf-dsi-21-22-prct06-generics-solid-alu0101130408/src/ejercicio-2/basiStremeableCollection.ts"],"names":[],"mappings":";;;AAEA;;;;;;;GAOG;AACH,MAAsB,0BAA0B;IAC9C,YAAsB,UAAe;QAAf,eAAU,GAAV,UAAU,CAAK;IAAG,CAAC;IAKlC,OAAO,CAAC,OAAU;QACvB,IAAI,CAAC,UAAU,CAAC,IAAI,CAAC,OAAO,CAAC,CAAC;IAChC,CAAC;IAEM,gBAAgB;QACrB,OAAO,IAAI,CAAC,UAAU,CAAC,MAAM,CAAC;IAChC,CAAC;CACF;AAbD,gEAaC","sourcesContent":["import {Stremeable} from \"./stremeable\";\n\n/**\n * Clase abstracta BasicStreameableCollecion de tipo generica que implementa una interfaz Stremable.\n * @param collection Coleccion de elementos de cualquier tipo.\n * @method search Metodo abstracto encargado de realizar la busqueda a traves de un filtro dentro de la coleccion.\n * @method getCollectionItem Metodo abstracto encargado de obtener un item en concreto registrado en la coleccion.\n * @method addItem Implementa un metodo que permite añadir un nuevo elemento a la coleccion.\n * @method getNumberOfItems Implementa un metodo publico encargado de devolver el numero de elementos que conforman una coleccion.\n */\nexport abstract class BasicStreameableCollection <T> implements Stremeable<T> {\n  constructor(protected collection: T[]) {}\n\n  abstract search(parametro: string, valor: string): T[];\n  abstract getCollectionItem(): T[];\n\n  public addItem(newItem: T): void {\n    this.collection.push(newItem);\n  }\n\n  public getNumberOfItems(): number {\n    return this.collection.length;\n  }\n}\n"]},"_coverageSchema":"1a1c01bbd47fc00a2c39e90264f33305004495a9","hash":"40ad2cc05be70980486c62e2bd7f74a3ef032ec0","contentHash":"6eba6d086eb59cc05306d5a514a1a414932c3cae5f060ea0b9c1f7dc1c7d289e"},"/home/usuario/ull-esit-inf-dsi-21-22-prct06-generics-solid-alu0101130408/src/ejercicio-2/subclass/film.ts":{"path":"/home/usuario/ull-esit-inf-dsi-21-22-prct06-generics-solid-alu0101130408/src/ejercicio-2/subclass/film.ts","statementMap":{"0":{"start":{"line":2,"column":0},"end":{"line":2,"column":62}},"1":{"start":{"line":3,"column":0},"end":{"line":3,"column":22}},"2":{"start":{"line":4,"column":35},"end":{"line":4,"column":73}},"3":{"start":{"line":11,"column":8},"end":{"line":11,"column":26}},"4":{"start":{"line":12,"column":8},"end":{"line":12,"column":37}},"5":{"start":{"line":19,"column":8},"end":{"line":19,"column":31}},"6":{"start":{"line":28,"column":23},"end":{"line":28,"column":25}},"7":{"start":{"line":29,"column":8},"end":{"line":53,"column":9}},"8":{"start":{"line":31,"column":16},"end":{"line":31,"column":93}},"9":{"start":{"line":31,"column":70},"end":{"line":31,"column":90}},"10":{"start":{"line":32,"column":16},"end":{"line":32,"column":32}},"11":{"start":{"line":33,"column":16},"end":{"line":33,"column":22}},"12":{"start":{"line":35,"column":16},"end":{"line":35,"column":95}},"13":{"start":{"line":35,"column":70},"end":{"line":35,"column":92}},"14":{"start":{"line":36,"column":16},"end":{"line":36,"column":32}},"15":{"start":{"line":37,"column":16},"end":{"line":37,"column":22}},"16":{"start":{"line":39,"column":16},"end":{"line":39,"column":102}},"17":{"start":{"line":39,"column":70},"end":{"line":39,"column":99}},"18":{"start":{"line":40,"column":16},"end":{"line":40,"column":32}},"19":{"start":{"line":41,"column":16},"end":{"line":41,"column":22}},"20":{"start":{"line":43,"column":16},"end":{"line":43,"column":106}},"21":{"start":{"line":43,"column":70},"end":{"line":43,"column":103}},"22":{"start":{"line":44,"column":16},"end":{"line":44,"column":32}},"23":{"start":{"line":45,"column":16},"end":{"line":45,"column":22}},"24":{"start":{"line":47,"column":16},"end":{"line":47,"column":93}},"25":{"start":{"line":47,"column":70},"end":{"line":47,"column":90}},"26":{"start":{"line":48,"column":16},"end":{"line":48,"column":32}},"27":{"start":{"line":49,"column":16},"end":{"line":49,"column":22}},"28":{"start":{"line":51,"column":16},"end":{"line":51,"column":26}},"29":{"start":{"line":52,"column":16},"end":{"line":52,"column":22}},"30":{"start":{"line":56,"column":0},"end":{"line":56,"column":20}}},"fnMap":{"0":{"name":"(anonymous_0)","decl":{"start":{"line":10,"column":4},"end":{"line":10,"column":5}},"loc":{"start":{"line":10,"column":28},"end":{"line":13,"column":5}},"line":10},"1":{"name":"(anonymous_1)","decl":{"start":{"line":18,"column":4},"end":{"line":18,"column":5}},"loc":{"start":{"line":18,"column":24},"end":{"line":20,"column":5}},"line":18},"2":{"name":"(anonymous_2)","decl":{"start":{"line":27,"column":4},"end":{"line":27,"column":5}},"loc":{"start":{"line":27,"column":29},"end":{"line":54,"column":5}},"line":27},"3":{"name":"(anonymous_3)","decl":{"start":{"line":31,"column":59},"end":{"line":31,"column":60}},"loc":{"start":{"line":31,"column":70},"end":{"line":31,"column":90}},"line":31},"4":{"name":"(anonymous_4)","decl":{"start":{"line":35,"column":59},"end":{"line":35,"column":60}},"loc":{"start":{"line":35,"column":70},"end":{"line":35,"column":92}},"line":35},"5":{"name":"(anonymous_5)","decl":{"start":{"line":39,"column":59},"end":{"line":39,"column":60}},"loc":{"start":{"line":39,"column":70},"end":{"line":39,"column":99}},"line":39},"6":{"name":"(anonymous_6)","decl":{"start":{"line":43,"column":59},"end":{"line":43,"column":60}},"loc":{"start":{"line":43,"column":70},"end":{"line":43,"column":103}},"line":43},"7":{"name":"(anonymous_7)","decl":{"start":{"line":47,"column":59},"end":{"line":47,"column":60}},"loc":{"start":{"line":47,"column":70},"end":{"line":47,"column":90}},"line":47}},"branchMap":{"0":{"loc":{"start":{"line":29,"column":8},"end":{"line":53,"column":9}},"type":"switch","locations":[{"start":{"line":30,"column":12},"end":{"line":33,"column":22}},{"start":{"line":34,"column":12},"end":{"line":37,"column":22}},{"start":{"line":38,"column":12},"end":{"line":41,"column":22}},{"start":{"line":42,"column":12},"end":{"line":45,"column":22}},{"start":{"line":46,"column":12},"end":{"line":49,"column":22}},{"start":{"line":50,"column":12},"end":{"line":52,"column":22}}],"line":29}},"s":{"0":1,"1":1,"2":1,"3":1,"4":1,"5":5,"6":5,"7":5,"8":1,"9":6,"10":1,"11":0,"12":1,"13":6,"14":1,"15":0,"16":1,"17":6,"18":1,"19":0,"20":1,"21":6,"22":1,"23":0,"24":1,"25":6,"26":1,"27":0,"28":0,"29":0,"30":1},"f":{"0":1,"1":5,"2":5,"3":6,"4":6,"5":6,"6":6,"7":6},"b":{"0":[1,1,1,1,1,0]},"inputSourceMap":{"version":3,"file":"/home/usuario/ull-esit-inf-dsi-21-22-prct06-generics-solid-alu0101130408/src/ejercicio-2/subclass/film.ts","sources":["/home/usuario/ull-esit-inf-dsi-21-22-prct06-generics-solid-alu0101130408/src/ejercicio-2/subclass/film.ts"],"names":[],"mappings":";;;AAAA,0EAAuE;AAEvE;;;GAGG;AACH,MAAa,IAAK,SAAQ,qDAAqC;IAC7D,YAAsB,UAAsB;QAC1C,KAAK,CAAC,UAAU,CAAC,CAAC;QADE,eAAU,GAAV,UAAU,CAAY;IAE5C,CAAC;IACD;;;OAGG;IACH,iBAAiB;QACf,OAAO,IAAI,CAAC,UAAU,CAAC;IACzB,CAAC;IAED;;;;;OAKG;IACH,MAAM,CAAC,SAAiB,EAAE,KAAa;QACrC,IAAI,QAAQ,GAAe,EAAE,CAAC;QAC9B,QAAQ,SAAS,EAAE;YACjB,KAAK,QAAQ;gBACX,QAAQ,GAAG,IAAI,CAAC,iBAAiB,EAAE,CAAC,MAAM,CAAC,CAAC,IAAI,EAAE,EAAE,CAAC,CAAC,IAAI,CAAC,MAAM,IAAI,KAAK,CAAC,CAAC,CAAC;gBAC7E,OAAO,QAAQ,CAAC;gBAChB,MAAM;YACR,KAAK,UAAU;gBACb,QAAQ,GAAG,IAAI,CAAC,iBAAiB,EAAE,CAAC,MAAM,CAAC,CAAC,IAAI,EAAE,EAAE,CAAC,CAAC,IAAI,CAAC,QAAQ,IAAI,KAAK,CAAC,CAAC,CAAC;gBAC/E,OAAO,QAAQ,CAAC;gBAChB,MAAM;YACR,KAAK,MAAM;gBACT,QAAQ,GAAG,IAAI,CAAC,iBAAiB,EAAE,CAAC,MAAM,CAAC,CAAC,IAAI,EAAE,EAAE,CAAC,CAAC,IAAI,CAAC,IAAI,CAAC,QAAQ,EAAE,IAAI,KAAK,CAAC,CAAC,CAAC;gBACtF,OAAO,QAAQ,CAAC;gBAChB,MAAM;YACR,KAAK,UAAU;gBACb,QAAQ,GAAG,IAAI,CAAC,iBAAiB,EAAE,CAAC,MAAM,CAAC,CAAC,IAAI,EAAE,EAAE,CAAC,CAAC,IAAI,CAAC,QAAQ,CAAC,QAAQ,EAAE,IAAI,KAAK,CAAC,CAAC,CAAC;gBAC1F,OAAO,QAAQ,CAAC;gBAChB,MAAM;YACR,KAAK,QAAQ;gBACX,QAAQ,GAAG,IAAI,CAAC,iBAAiB,EAAE,CAAC,MAAM,CAAC,CAAC,IAAI,EAAE,EAAE,CAAC,CAAC,IAAI,CAAC,MAAM,IAAI,KAAK,CAAC,CAAC,CAAC;gBAC7E,OAAO,QAAQ,CAAC;gBAChB,MAAM;YACR;gBACE,OAAO,EAAE,CAAC;gBACV,MAAM;SACT;IACH,CAAC;CACF;AA9CD,oBA8CC","sourcesContent":["import {BasicStreameableCollection} from \"../basiStremeableCollection\";\nimport {pelicula} from \"../objects/objectFilm\";\n/**\n * Clase que representa una coleccion de Peliculas de tipo Streameable.\n * @param collection Array de Peliculas que alamcena la coleccion de peliculas.\n */\nexport class Film extends BasicStreameableCollection <pelicula> {\n  constructor(protected collection: pelicula[]) {\n    super(collection);\n  }\n  /**\n   * 
[...]
ss Documentary extends BasicStreameableCollection <documental> {\n  constructor(protected collection: documental[]) {\n    super(collection);\n  }\n  /**\n   * Funcion encargada de obtener la coleccion de Documentales.\n   * @returns la coleccion de documentales almacenados.\n   */\n  getCollectionItem(): documental[] {\n    return this.collection;\n  }\n\n  /**\n   * Funcion encargada de buscar a través del parametro de búsqueda, un valor dado en la coleccion de Documentales.\n   * @param parametro Parametro que se desea filtrar, si es por titulo, año, director ...\n   * @param valor Valor que se quiere buscar en la coleccion, si el titulo es 'lo que el pulpo me enseño'...\n   * @returns devuelve un array con toda la informacion referente a esa busqueda.\n   */\n  search(parametro: string, valor: string): documental[] {\n    let busqueda: documental[] = [];\n    switch (parametro) {\n      case 'titulo':\n        busqueda = this.getCollectionItem().filter((item) => (item.titulo == valor));\n        return busqueda;\n        break;\n      case 'director':\n        busqueda = this.getCollectionItem().filter((item) => (item.director == valor));\n        return busqueda;\n        break;\n      case 'anio':\n        busqueda = this.getCollectionItem().filter((item) => (item.anio.toString() == valor));\n        return busqueda;\n        break;\n      case 'pais':\n        busqueda = this.getCollectionItem().filter((item) => (item.pais == valor));\n        return busqueda;\n        break;\n      case 'duracion':\n        busqueda = this.getCollectionItem().filter((item) => (item.duracion.toString() == valor));\n        return busqueda;\n        break;\n      case 'fotografia':\n        busqueda = this.getCollectionItem().filter((item) => (item.fotografia == valor));\n        return busqueda;\n        break;\n      case 'distribuidora':\n        busqueda = this.getCollectionItem().filter((item) => (item.distribuidora == valor));\n        return busqueda;\n        break;\n      default:\n        return [];\n        break;\n    }\n  }\n}\n"]},"_coverageSchema":"1a1c01bbd47fc00a2c39e90264f33305004495a9","hash":"c23fd7850da4c0f3c98aa1bc9f9b375f01d3a452","contentHash":"5293da8af6f31cc9579ea81b0f4767550301d69d6d84fe8d1b085e69799bfe43"},"/home/usuario/ull-esit-inf-dsi-21-22-prct06-generics-solid-alu0101130408/src/ejercicio-3/cifrado.ts":{"path":"/home/usuario/ull-esit-inf-dsi-21-22-prct06-generics-solid-alu0101130408/src/ejercicio-3/cifrado.ts","statementMap":{"0":{"start":{"line":2,"column":0},"end":{"line":2,"column":62}},"1":{"start":{"line":3,"column":0},"end":{"line":3,"column":25}},"2":{"start":{"line":4,"column":23},"end":{"line":4,"column":48}},"3":{"start":{"line":13,"column":8},"end":{"line":13,"column":40}},"4":{"start":{"line":14,"column":8},"end":{"line":14,"column":33}},"5":{"start":{"line":15,"column":8},"end":{"line":15,"column":31}},"6":{"start":{"line":16,"column":8},"end":{"line":16,"column":27}},"7":{"start":{"line":17,"column":8},"end":{"line":17,"column":68}},"8":{"start":{"line":18,"column":8},"end":{"line":18,"column":64}},"9":{"start":{"line":25,"column":29},"end":{"line":25,"column":31}},"10":{"start":{"line":26,"column":21},"end":{"line":26,"column":22}},"11":{"start":{"line":27,"column":24},"end":{"line":27,"column":26}},"12":{"start":{"line":28,"column":21},"end":{"line":28,"column":23}},"13":{"start":{"line":29,"column":8},"end":{"line":32,"column":9}},"14":{"start":{"line":29,"column":21},"end":{"line":29,"column":22}},"15":{"start":{"line":30,"column":12},"end":{"line":30,"column":125}},"16":{"start":{"line":31,"column":12},"end":{"line":31,"column":30}},"17":{"start":{"line":33,"column":8},"end":{"line":35,"column":9}},"18":{"start":{"line":33,"column":21},"end":{"line":33,"column":22}},"19":{"start":{"line":34,"column":12},"end":{"line":34,"column":76}},"20":{"start":{"line":36,"column":8},"end":{"line":36,"column":58}},"21":{"start":{"line":37,"column":8},"end":{"line":37,"column":25}},"22":{"start":{"line":40,"column":0},"end":{"line":40,"column":26}}},"fnMap":{"0":{"name":"(anonymous_0)","decl":{"start":{"line":12,"column":4},"end":{"line":12,"column":5}},"loc":{"start":{"line":12,"column":42},"end":{"line":19,"column":5}},"line":12},"1":{"name":"(anonymous_1)","decl":{"start":{"line":24,"column":4},"end":{"line":24,"column":5}},"loc":{"start":{"line":24,"column":13},"end":{"line":38,"column":5}},"line":24}},"branchMap":{},"s":{"0":1,"1":1,"2":1,"3":2,"4":2,"5":2,"6":2,"7":2,"8":2,"9":2,"10":2,"11":2,"12":2,"13":2,"14":2,"15":20,"16":20,"17":2,"18":2,"19":20,"20":2,"21":2,"22":1},"f":{"0":2,"1":2},"b":{},"inputSourceMap":{"version":3,"file":"/home/usuario/ull-esit-inf-dsi-21-22-prct06-generics-solid-alu0101130408/src/ejercicio-3/cifrado.ts","sources":["/home/usuario/ull-esit-inf-dsi-21-22-prct06-generics-solid-alu0101130408/src/ejercicio-3/cifrado.ts"],"names":[],"mappings":";;;AAAA,iDAAsC;AACtC;;;;;GAKG;AACH,MAAa,OAAQ,SAAQ,qBAAM;IACjC,YAAsB,QAAgB,EAAY,OAAe,EAAY,KAAY;QACvF,KAAK,CAAC,QAAQ,EAAE,OAAO,EAAE,KAAK,CAAC,CAAC;QADZ,aAAQ,GAAR,QAAQ,CAAQ;QAAY,YAAO,GAAP,OAAO,CAAQ;QAAY,UAAK,GAAL,KAAK,CAAO;QAEvF,IAAI,CAAC,OAAO,GAAG,IAAI,CAAC,OAAO,CAAC,OAAO,CAAC,IAAI,EAAE,EAAE,CAAC,CAAC,WAAW,EAAE,CAAC;QAC5D,IAAI,CAAC,KAAK,GAAG,IAAI,CAAC,KAAK,CAAC,OAAO,CAAC,IAAI,EAAE,EAAE,CAAC,CAAC,WAAW,EAAE,CAAC;IAC1D,CAAC;IACD;;;OAGG;IACI,MAAM;QACX,IAAI,cAAc,GAAW,EAAE,CAAC;QAChC,IAAI,MAAM,GAAW,CAAC,CAAC;QACvB,IAAI,SAAS,GAAW,EAAE,CAAC;QAC3B,MAAM,IAAI,GAAa,EAAE,CAAC;QAC1B,KAAK,IAAI,CAAC,GAAW,CAAC,EAAE,CAAC,GAAG,IAAI,CAAC,WAAW,EAAE,EAAE,CAAC,EAAE,EAAE;YACnD,MAAM,GAAG,CAAC,IAAI,CAAC,QAAQ,CAAC,MAAM,CAAC,IAAI,CAAC,OAAO,CAAC,CAAC,CAAC,CAAC,GAAG,IAAI,CAAC,QAAQ,CAAC,MAAM,CAAC,IAAI,CAAC,KAAK,CAAC,CAAC,CAAC,CAAC,GAAG,CAAC,CAAC,GAAG,IAAI,CAAC,YAAY,EAAE,CAAC;YACjH,IAAI,CAAC,IAAI,CAAC,MAAM,CAAC,CAAC;SACnB;QAED,KAAK,IAAI,CAAC,GAAU,CAAC,EAAE,CAAC,GAAG,IAAI,CAAC,MAAM,EAAE,CAAC,EAAE,EAAE;YAC3C,cAAc,GAAG,cAAc,GAAG,IAAI,CAAC,QAAQ,CAAC,MAAM,CAAC,IAAI,CAAC,CAAC,CAAC,CAAC,CAAC;SACjE;QACD,SAAS,GAAG,IAAI,CAAC,gBAAgB,CAAC,cAAc,CAAC,CAAC;QAClD,OAAO,SAAS,CAAC;IACnB,CAAC;CACF;AA1BD,0BA0BC","sourcesContent":["import {Cypher} from \"./cifradoCesar\";\n/**\n * Clase encargada de cifrar un mensaje que se le pasa.\n * @param alfabeto Alfabeto en un string con las posiciones especificas en las que se codificara.\n * @param mensaje mensaje que se desea cifrar usando una clave.\n * @param clave Clave con la que se va a cifrar el mensaje.\n */\nexport class Cifrado extends Cypher {\n  constructor(protected alfabeto: string, protected mensaje: string, protected clave:string ) {\n    super(alfabeto, mensaje, clave);\n    this.mensaje = this.mensaje.replace(/ /g, '').toLowerCase();\n    this.clave = this.clave.replace(/ /g, '').toLowerCase();\n  }\n  /**\n   * Funcion que cifra el mensaje que se le pasa con la clave utilizando el algortimos de Vigenere.\n   * @returns devuelve el mensaje  de tipo string cifrado tras el calculo aritmetico de las posiciones en modulo.\n   */\n  public cifrar(): string {\n    let mensajeCifrado: string = '';\n    let modulo: number = 0;\n    let resultado: string = '';\n    const suma: number[] = [];\n    for (let i: number = 0; i < this.sizeMensaje(); i++) {\n      modulo = (this.alfabeto.search(this.mensaje[i]) + this.alfabeto.search(this.clave[i]) + 1) % this.sizeAlphabet();\n      suma.push(modulo);\n    }\n\n    for (let i:number = 0; i < suma.length; i++) {\n      mensajeCifrado = mensajeCifrado + this.alfabeto.charAt(suma[i]);\n    }\n    resultado = this.setCypherMessage(mensajeCifrado);\n    return resultado;\n  }\n}\n\n"]},"_coverageSchema":"1a1c01bbd47fc00a2c39e90264f33305004495a9","hash":"59df65fb0f546fd19ed4a0d77879f5e9253262bc","contentHash":"2a20ca4f2443641bb9ea5f025cbd129f639e8317f6634d06805e76e6bd2e96db"},"/home/usuario/ull-esit-inf-dsi-21-22-prct06-generics-solid-alu0101130408/src/ejercicio-3/cifradoCesar.ts":{"path":"/home/usuario/ull-esit-inf-dsi-21-22-prct06-generics-solid-alu0101130408/src/ejercicio-3/cifradoCesar.ts","statementMap":{"0":{"start":{"line":2,"column":0},"end":{"line":2,"column":62}},"1":{"start":{"line":3,"column":0},"end":{"line":3,"column":24}},"2":{"start":{"line":9,"column":8},"end":{"line":9,"column":33}},"3":{"start":{"line":10,"column":8},"end":{"line":10,"column":31}},"4":{"start":{"line":11,"column":8},"end":{"line":11,"column":27}},"5":{"start":{"line":12,"column":8},"end":{"line":12,"column":33}},"6":{"start":{"line":13,"column":8},"end":{"line":13,"column":31}},"7":{"start":{"line":14,"column":8},"end":{"line":14,"column":27}},"8":{"start":{"line":21,"column":8},"end":{"line":21,"column":29}},"9":{"start":{"line":28,"column":8},"end":{"line":28,"column":26}},"10":{"start":{"line":35,"column":8},"end":{"line":35,"column":28}},"11":{"start":{"line":42,"column":8},"end":{"line":42,"column":36}},"12":{"start":{"line":49,"column":8},"end":{"line":49,"column":33}},"13":{"start":{"line":56,"column":8},"end":{"line":56,"column":35}},"14":{"start":{"line":64,"column":8},"end":{"line":64,"column":43}},"15":{"start":{"line":67,"column":0},"end":{"line":67,"column":24}}},"fnMap":{"0":{"name":"(anonymous_0)","decl":{"start":{"line":8,"column":4},"end":{"line":8,"column":5}},"loc":{"start":{"line":8,"column":42},"end":{"line":15,"column":5}},"line":8},"1":{"name":"(anonymous_1)","decl":{"start":{"line":20,"column":4},"end":{"line":20,"column":5}},"loc":{"start":{"line":20,"column":18},"end":{"line":22,"column":5}},"line":20},"2":{"name":"(anonymous_2)","decl":{"start":{"line":27,"column":4},"end":{"line":27,"column":5}},"loc":{"start":{"line":27,"column":15},"end":{"line":29,"column":5}},"line":27},"3":{"name":"(anonymous_3)","decl":{"start":{"line":34,"column":4},"end":{"line":34,"column":5}},"loc":{"start":{"line":34,"column":17},"end":{"line":36,"column":5}},"line":34},"4":{"name":"(anonymous_4)","decl":{"start":{"line":41,"column":4},"end":{"line":41,"column":5}},"loc":{"start":{"line":41,"column":19},"end":{"line":43,"column":5}},"line":41},"5":{"name":"(anonymous_5)","decl":{"start":{"line":48,"column":4},"end":{"line":48,"column":5}},"loc":{"start":{"line":48,"column":16},"end":{"line":50,"column":5}},"line":48},"6":{"name":"(anonymous_6)","decl":{"start":{"line":55,"column":4},"end":{"line":55,"column":5}},"loc":{"start":{"line":55,"column":18},"end":{"line":57,"column":5}},"line":55},"7":{"name":"(anonymous_7)","decl":{"start":{"line":63,"column":4},"end":{"line":63,"column":5}},"loc":{"start":{"line":63,"column":35},"end":{"line":65,"column":5}},"line":63}},"branchMap":{},"s":{"0":1,"1":1,"2":4,"3":4,"4":4,"5":4,"6":4,"7":4,"8":0,"9":0,"10":0,"11":40,"12":0,"13":44,"14":4,"15":1},"f":{"0":4,"1":0,"2":0,"3":0,"4":40,"5":0,"6":44,"7":4},"b":{},"inputSourceMap":{"version":3,"file":"/home/usuario/ull-esit-inf-dsi-21-22-prct06-generics-solid-alu0101130408/src/ejercicio-3/cifradoCesar.ts","sources":["/home/usuario/ull-esit-inf-dsi-21-22-prct06-generics-solid-alu0101130408/src/ejercicio-3/cifradoCesar.ts"],"names":[],"mappings":";;;AAAA;;GAEG;AACH,MAAsB,MAAM;IAC1B,YAAsB,QAAe,EAAY,OAAe,EAAY,KAAY;QAAlE,aAAQ,GAAR,QAAQ,CAAO;QAAY,YAAO,GAAP,OAAO,CAAQ;QAAY,UAAK,GAAL,KAAK,CAAO;QACtF,IAAI,CAAC,QAAQ,GAAG,QAAQ,CAAC;QACzB,IAAI,CAAC,OAAO,GAAG,OAAO,CAAC;QACvB,IAAI,CAAC,KAAK,GAAG,KAAK,CAAC;IACrB,CAAC;IACD;;;OAGG;IACI,WAAW;QAChB,OAAO,IAAI,CAAC,QAAQ,CAAC;IACvB,CAAC;IAED;;;OAGG;IACI,QAAQ;QACb,OAAO,IAAI,CAAC,KAAK,CAAC;IACpB,CAAC;IAED;;;OAGG;IACI,UAAU;QACf,OAAO,IAAI,CAAC,OAAO,CAAC;IACtB,CAAC;IAED;;;OAGG;IACI,YAAY;QACjB,OAAO,IAAI,CAAC,QAAQ,CAAC,MAAM,CAAC;IAC9B,CAAC;IAED;;;OAGG;IACI,SAAS;QACd,OAAO,IAAI,CAAC,KAAK,CAAC,MAAM,CAAC;IAC3B,CAAC;IAED;;;OAGG;IACI,WAAW;QAChB,OAAO,IAAI,CAAC,OAAO,CAAC,MAAM,CAAC;IAC7B,CAAC;IACD;;;;OAIG;IACI,gBAAgB,CAAC,YAAoB;QAC1C,OAAO,IAAI,CAAC,OAAO,GAAG,YAAY,CAAC;IACrC,CAAC;CACF;AA7DD,wBA6DC","sourcesContent":["/**\n * Clase abstracta que define la forma de un programa que cifra o descrifra.\n */\nexport abstract class Cypher {\n  constructor(protected alfabeto:string, protected mensaje: string, protected clave:string) {\n    this.alfabeto = alfabeto;\n    this.mensaje = mensaje;\n    this.clave = clave;\n  }\n  /**\n   * Funcion que devuelve el alfabeto.\n   * @returns el alfabeto.\n   */\n  public getAlfabeto(): string {\n    return this.alfabeto;\n  }\n\n  /**\n   * Funcion que devuelve la clave.\n   * @returns el valor de la clave.\n   */\n  public getClave(): string {\n    return this.clave;\n  }\n\n  /**\n   * Funcion que devuelve el mensaje.\n   * @returns el valor del mensaje.\n   */\n  public getMensaje(): string {\n    return this.mensaje;\n  }\n\n  /**\n   * Funcion que devuelve la longitud del alfabeto.\n   * @returns la longitud numerica del alfabeto\n   */\n  public sizeAlphabet(): number {\n    return this.alfabeto.length;\n  }\n\n  /**\n   * Funcion que devuelve la longitud de la clave.\n   * @returns la longitud numerica de la clave.\n   */\n  public sizeClave(): number {\n    return this.clave.length;\n  }\n\n  /**\n   * Funcion que devuelve la longitud del mensaje.\n   * @returns la longitud numerica del mensaje.\n   */\n  public sizeMensaje(): number {\n    return this.mensaje.length;\n  }\n  /**\n   * Funcion que establece y envia el mensaje cifrado\n   * @param nuevoMensaje Nuevo mensaje que se va a establecer como valor cifrado.\n   * @returns devuelve el mensaje cifrado que recibe por parametro.\n   */\n  public setCypherMessage(nuevoMensaje: string):string {\n    return this.mensaje = nuevoMensaje;\n  }\n}\n"]},"_coverageSchema":"1a1c01bbd47fc00a2c39e90264f33305004495a9","hash":"7a9c13d2541abb31f70a7e8528fd5db51c8c8eb3","contentHash":"02109de183a7044b8dbe689d788a245cdb92ab62c067b7bbd75d92ccd613bcad"},"/home/usuario/ull-esit-inf-dsi-21-22-prct06-generics-solid-alu0101130408/src/ejercicio-3/descifrado.ts":{"path":"/home/usuario/ull-esit-inf-dsi-21-22-prct06-generics-solid-alu0101130408/src/ejercicio-3/descifrado.ts","statementMap":{"0":{"start":{"line":2,"column":0},"end":{"line":2,"column":62}},"1":{"start":{"line":3,"column":0},"end":{"line":3,"column":28}},"2":{"start":{"line":4,"column":23},"end":{"line":4,"column":48}},"3":{"start":{"line":13,"column":8},"end":{"line":13,"column":40}},"4":{"start":{"line":14,"column":8},"end":{"line":14,"column":33}},"5":{"start":{"line":15,"column":8},"end":{"line":15,"column":31}},"6":{"start":{"line":16,"column":8},"end":{"line":16,"column":27}},"7":{"start":{"line":17,"column":8},"end":{"line":17,"column":68}},"8":{"start":{"line":18,"column":8},"end":{"line":18,"column":64}},"9":{"start":{"line":25,"column":32},"end":{"line":25,"column":34}},"10":{"start":{"line":26,"column":21},"end":{"line":26,"column":22}},"11":{"start":{"line":27,"column":24},"end":{"line":27,"column":26}},"12":{"start":{"line":28,"column":22},"end":{"line":28,"column":24}},"13":{"start":{"line":29,"column":8},"end":{"line":39,"column":9}},"14":{"start":{"line":29,"column":21},"end":{"line":29,"column":22}},"15":{"start":{"line":30,"column":12},"end":{"line":30,"column":103}},"16":{"start":{"line":31,"column":12},"end":{"line":38,"column":13}},"17":{"start":{"line":32,"column":16},"end":{"line":32,"column":54}},"18":{"start":{"line":33,"column":16},"end":{"line":33,"column":35}},"19":{"start":{"line":36,"column":16},"end":{"line":36,"column":54}},"20":{"start":{"line":37,"column":16},"end":{"line":37,"column":35}},"21":{"start":{"line":40,"column":8},"end":{"line":42,"column":9}},"22":{"start":{"line":40,"column":21},"end":{"line":40,"column":22}},"23":{"start":{"line":41,"column":12},"end":{"line":41,"column":83}},"24":{"start":{"line":43,"column":8},"end":{"line":43,"column":61}},"25":{"start":{"line":44,"column":8},"end":{"line":44,"column":25}},"26":{"start":{"line":47,"column":0},"end":{"line":47,"column":32}}},"fnMap":{"0":{"name":"(anonymous_0)","decl":{"start":{"line":12,"column":4},"end":{"line":12,"column":5}},"loc":{"start":{"line":12,"column":42},"end":{"line":19,"column":5}},"line":12},"1":{"name":"(anonymous_1)","decl":{"start":{"line":24,"column":4},"end":{"line":24,"column":5}},"loc":{"start":{"line":24,"column":16},"end":{"line":45,"column":5}},"line":24}},"branchMap":{"0":{"loc":{"start":{"line":31,"column":12},"end":{"line":38,"column":13}},"type":"if","locations":[{"start":{"line":31,"column":12},"end":{"line":38,"column":13}},{"start":{"line":31,"column":12},"end":{"line":38,"column":13}}],"line":31}},"s":{"0":1,"1":1,"2":1,"3":2,"4":2,"5":2,"6":2,"7":2,"8":2,"9":2,"10":2,"11":2,"12":2,"13":2,"14":2,"15":20,"16":20,"17":17,"18":17,"19":3,"20":3,"21":2,"22":2,"23":20,"24":2,"25":2,"26":1},"f":{"0":2,"1":2},"b":{"0":[17,3]},"inputSourceMap":{"version":3,"file":"/home/usuario/ull-esit-inf-dsi-21-22-prct06-generics-solid-alu0101130408/src/ejercicio-3/descifrado.ts","sources":["/home/usuario/ull-esit-inf-dsi-21-22-prct06-generics-solid-alu0101130408/src/ejercicio-3/descifrado.ts"],"names":[],"mappings":";;;AAAA,iDAAsC;AACtC;;;;;GAKG;AACH,MAAa,UAAW,SAAQ,qBAAM;IACpC,YAAsB,QAAgB,EAAY,OAAe,EAAY,KAAY;QACvF,KAAK,CAAC,QAAQ,EAAE,OAAO,EAAE,KAAK,CAAC,CAAC;QADZ,aAAQ,GAAR,QAAQ,CAAQ;QAAY,YAAO,GAAP,OAAO,CAAQ;QAAY,UAAK,GAAL,KAAK,CAAO;QAEvF,IAAI,CAAC,OAAO,GAAG,IAAI,CAAC,OAAO,CAAC,OAAO,CAAC,IAAI,EAAE,EAAE,CAAC,CAAC,WAAW,EAAE,CAAC;QAC5D,IAAI,CAAC,KAAK,GAAG,IAAI,CAAC,KAAK,CAAC,OAAO,CAAC,IAAI,EAAE,EAAE,CAAC,CAAC,WAAW,EAAE,CAAC;IAC1D,CAAC;IAED;;;OAGG;IACI,SAAS;QACd,IAAI,iBAAiB,GAAW,EAAE,CAAC;QACnC,IAAI,MAAM,GAAW,CAAC,CAAC;QACvB,IAAI,SAAS,GAAW,EAAE,CAAC;QAC3B,MAAM,KAAK,GAAa,EAAE,CAAC;QAC3B,KAAK,IAAI,CAAC,GAAW,CAAC,EAAE,CAAC,GAAG,IAAI,CAAC,WAAW,EAAE,EAAE,CAAC,EAAE,EAAE;YACnD,MAAM,GAAG,CAAC,IAAI,CAAC,QAAQ,CAAC,MAAM,CAAC,IAAI,CAAC,OAAO,CAAC,CAAC,CAAC,CAAC,GAAG,IAAI,CAAC,QAAQ,CAAC,MAAM,CAAC,IAAI,CAAC,KAAK,CAAC,CAAC,CAAC,CAAC,GAAG,CAAC,CAAC,CAAC;YAC3F,IAAI,MAAM,IAAI,CAAC,EAAE;gBACf,MAAM,GAAG,MAAM,GAAG,IAAI,CAAC,YAAY,EAAE,CAAC;gBACtC,KAAK,CAAC,IAAI,CAAC,MAAM,CAAC,CAAC;aACpB;iBAAM;gBACL,MAAM,GAAG,MAAM,GAAG,IAAI,CAAC,YAAY,EAAE,CAAC;gBACtC,KAAK,CAAC,IAAI,CAAC,MAAM,CAAC,CAAC;aACpB;SACF;QAED,KAAK,IAAI,CAAC,GAAU,CAAC,EAAE,CAAC,GAAG,KAAK,CAAC,MAAM,EAAE,CAAC,EAAE,EAAE;YAC5C,iBAAiB,GAAG,iBAAiB,GAAG,IAAI,CAAC,QAAQ,CAAC,MAAM,CAAC,KAAK,CAAC,CAAC,CAAC,CAAC,CAAC;SACxE;QACD,SAAS,GAAG,IAAI,CAAC,gBAAgB,CAAC,iBAAiB,CAAC,CAAC;QACrD,OAAO,SAAS,CAAC;IACnB,CAAC;CACF;AAjCD,gCAiCC","sourcesContent":["import {Cypher} from \"./cifradoCesar\";\n/**\n * Clase encargada de Descifrar un mensaje que se le pasa\n * @param alfabeto Alfabeto en un string con las posiciones especificas en las que se descodificara.\n * @param mensaje mensaje que se desea descifrar usando la clave.\n * @param clave Clave con la que se ha cifrado el mensaje y necesario para descifrar.\n */\nexport class Descifrado extends Cypher {\n  constructor(protected alfabeto: string, protected mensaje: string, protected clave:string ) {\n    super(alfabeto, mensaje, clave);\n    this.mensaje = this.mensaje.replace(/ /g, '').toLowerCase();\n    this.clave = this.clave.replace(/ /g, '').toLowerCase();\n  }\n\n  /**\n   * Funcion encargada de descifrar un mensaje que se le pasa junto al alfabeto y a la clave.\n   * @returns devuelve el mensaje descifrado con la clave y el alfabeto.\n   */\n  public descifrar(): string {\n    let mensajeDescifrado: string = '';\n    let modulo: number = 0;\n    let resultado: string = '';\n    const resta: number[] = [];\n    for (let i: number = 0; i < this.sizeMensaje(); i++) {\n      modulo = (this.alfabeto.search(this.mensaje[i]) - this.alfabeto.search(this.clave[i]) - 1);\n      if (modulo >= 0) {\n        modulo = modulo % this.sizeAlphabet();\n        resta.push(modulo);\n      } else {\n        modulo = modulo + this.sizeAlphabet();\n        resta.push(modulo);\n      }\n    }\n\n    for (let i:number = 0; i < resta.length; i++) {\n      mensajeDescifrado = mensajeDescifrado + this.alfabeto.charAt(resta[i]);\n    }\n    resultado = this.setCypherMessage(mensajeDescifrado);\n    return resultado;\n  }\n}\n"]},"_coverageSchema":"1a1c01bbd47fc00a2c39e90264f33305004495a9","hash":"3f999d55fbd0a2caa732162191f79c5b6a178922","contentHash":"a85c8b9c499c0424bd04db4a9089cf5fdba0ac12b721d4a99541f1cd601df869"}}